info: AITradingSystem.Services.BackgroundTrainingService[0]
      BackgroundTrainingService started
info: Microsoft.Hosting.Lifetime[0]
      Application started. Press Ctrl+C to shut down.
info: Microsoft.Hosting.Lifetime[0]
      Hosting environment: Development
info: Microsoft.Hosting.Lifetime[0]
      Content root path: d:\NDA\NEW\Tool_Manager\AITradingSystem\publish
warn: Microsoft.AspNetCore.HttpsPolicy.HttpsRedirectionMiddleware[3]
      Failed to determine the https port for redirect.
warn: Microsoft.EntityFrameworkCore.Model.Validation[30000]
      No store type was specified for the decimal property 'AmountPerTrade' on entity type 'UserPreference'. This will cause values to be silently truncated if they do not fit in the default precision and scale. Explicitly specify the SQL server column type that can accommodate all the values in 'OnModelCreating' using 'HasColumnType', specify precision and scale using 'HasPrecision', or configure a value converter using 'HasConversion'.
warn: Microsoft.EntityFrameworkCore.Model.Validation[30000]
      No store type was specified for the decimal property 'MaxLossPercentage' on entity type 'UserPreference'. This will cause values to be silently truncated if they do not fit in the default precision and scale. Explicitly specify the SQL server column type that can accommodate all the values in 'OnModelCreating' using 'HasColumnType', specify precision and scale using 'HasPrecision', or configure a value converter using 'HasConversion'.
warn: Microsoft.EntityFrameworkCore.Model.Validation[30000]
      No store type was specified for the decimal property 'StopLossAmount' on entity type 'UserPreference'. This will cause values to be silently truncated if they do not fit in the default precision and scale. Explicitly specify the SQL server column type that can accommodate all the values in 'OnModelCreating' using 'HasColumnType', specify precision and scale using 'HasPrecision', or configure a value converter using 'HasConversion'.
warn: Microsoft.EntityFrameworkCore.Model.Validation[30000]
      No store type was specified for the decimal property 'TakeProfitAmount' on entity type 'UserPreference'. This will cause values to be silently truncated if they do not fit in the default precision and scale. Explicitly specify the SQL server column type that can accommodate all the values in 'OnModelCreating' using 'HasColumnType', specify precision and scale using 'HasPrecision', or configure a value converter using 'HasConversion'.
warn: Microsoft.EntityFrameworkCore.Model.Validation[30000]
      No store type was specified for the decimal property 'TargetAmount' on entity type 'UserPreference'. This will cause values to be silently truncated if they do not fit in the default precision and scale. Explicitly specify the SQL server column type that can accommodate all the values in 'OnModelCreating' using 'HasColumnType', specify precision and scale using 'HasPrecision', or configure a value converter using 'HasConversion'.
warn: Microsoft.EntityFrameworkCore.Model.Validation[30000]
      No store type was specified for the decimal property 'TargetProfitPercentage' on entity type 'UserPreference'. This will cause values to be silently truncated if they do not fit in the default precision and scale. Explicitly specify the SQL server column type that can accommodate all the values in 'OnModelCreating' using 'HasColumnType', specify precision and scale using 'HasPrecision', or configure a value converter using 'HasConversion'.
warn: Microsoft.EntityFrameworkCore.Query[10103]
      The query uses the 'First'/'FirstOrDefault' operator without 'OrderBy' and filter operators. This may lead to unpredictable results.
info: Microsoft.EntityFrameworkCore.Database.Command[20101]
      Executed DbCommand (36ms) [Parameters=[], CommandType='Text', CommandTimeout='30']
      SELECT TOP(1) [u].[Id], [u].[AmountPerTrade], [u].[DnsePassword], [u].[DnseToken], [u].[DnseUsername], [u].[InvestmentHorizon], [u].[MaxLossPercentage], [u].[RiskTolerance], [u].[StopLossAmount], [u].[TakeProfitAmount], [u].[TargetAmount], [u].[TargetProfitPercentage], [u].[TargetStartDate]
      FROM [UserPreferences] AS [u]
info: Microsoft.EntityFrameworkCore.Database.Command[20101]
      Executed DbCommand (2ms) [Parameters=[], CommandType='Text', CommandTimeout='30']
      SELECT [t].[Id], [t].[Description], [t].[IsAutoGenerated], [t].[LastLearnedAt], [t].[LearnCount], [t].[LossCount], [t].[Name], [t].[RuleLogic], [t].[StrategyType], [t].[WinCount]
      FROM [TradingStrategies] AS [t]
info: Microsoft.EntityFrameworkCore.Database.Command[20101]
      Executed DbCommand (1ms) [Parameters=[], CommandType='Text', CommandTimeout='30']
      SELECT [t].[Id], [t].[BudgetAmount], [t].[EntryDate], [t].[EntryPrice], [t].[ExitDate], [t].[ExitPrice], [t].[ExpectedHoldDays], [t].[InvestedAmount], [t].[IsAiTrade], [t].[PnL], [t].[Quantity], [t].[Status], [t].[StopLossPrice], [t].[Symbol], [t].[TakeProfitPrice], [t].[TargetProfitAmount]
      FROM [TradePositions] AS [t]
      WHERE [t].[Status] = N'OPEN' AND [t].[IsAiTrade] = CAST(0 AS bit)
info: Microsoft.EntityFrameworkCore.Database.Command[20101]
      Executed DbCommand (1ms) [Parameters=[], CommandType='Text', CommandTimeout='30']
      SELECT [s].[Id], [s].[Fee], [s].[Notes], [s].[PnlAmount], [s].[PositionId], [s].[Price], [s].[PriceHighSinceBuy], [s].[PriceLowSinceBuy], [s].[Quantity], [s].[Source], [s].[Symbol], [s].[TimingScore], [s].[TotalAmount], [s].[TransactionDate], [s].[TransactionType]
      FROM [StockTransactions] AS [s]
      WHERE [s].[Source] <> N'AI_SIMULATION'
info: Microsoft.EntityFrameworkCore.Database.Command[20101]
      Executed DbCommand (17ms) [Parameters=[@__p_0='?' (DbType = Int32)], CommandType='Text', CommandTimeout='30']
      SELECT TOP(@__p_0) [t].[Id], [t].[ActionTaken], [t].[LessonLearned], [t].[MarketContext], [t].[Rationale], [t].[Result], [t].[Timestamp]
      FROM [TradeEpisodes] AS [t]
      ORDER BY [t].[Timestamp] DESC
info: Microsoft.EntityFrameworkCore.Database.Command[20101]
      Executed DbCommand (1ms) [Parameters=[], CommandType='Text', CommandTimeout='30']
      SELECT DISTINCT [t].[Symbol]
      FROM [TradePositions] AS [t]
info: Microsoft.EntityFrameworkCore.Database.Command[20101]
      Executed DbCommand (1ms) [Parameters=[], CommandType='Text', CommandTimeout='30']
      SELECT TOP(1) [u].[Id], [u].[AmountPerTrade], [u].[DnsePassword], [u].[DnseToken], [u].[DnseUsername], [u].[InvestmentHorizon], [u].[MaxLossPercentage], [u].[RiskTolerance], [u].[StopLossAmount], [u].[TakeProfitAmount], [u].[TargetAmount], [u].[TargetProfitPercentage], [u].[TargetStartDate]
      FROM [UserPreferences] AS [u]
info: Microsoft.EntityFrameworkCore.Database.Command[20101]
      Executed DbCommand (5ms) [Parameters=[], CommandType='Text', CommandTimeout='30']
      SELECT TOP(1) [u].[Id], [u].[AmountPerTrade], [u].[DnsePassword], [u].[DnseToken], [u].[DnseUsername], [u].[InvestmentHorizon], [u].[MaxLossPercentage], [u].[RiskTolerance], [u].[StopLossAmount], [u].[TakeProfitAmount], [u].[TargetAmount], [u].[TargetProfitPercentage], [u].[TargetStartDate]
      FROM [UserPreferences] AS [u]
info: Microsoft.EntityFrameworkCore.Database.Command[20101]
      Executed DbCommand (1ms) [Parameters=[], CommandType='Text', CommandTimeout='30']
      SELECT [t].[Id], [t].[Description], [t].[IsAutoGenerated], [t].[LastLearnedAt], [t].[LearnCount], [t].[LossCount], [t].[Name], [t].[RuleLogic], [t].[StrategyType], [t].[WinCount]
      FROM [TradingStrategies] AS [t]
info: Microsoft.EntityFrameworkCore.Database.Command[20101]
      Executed DbCommand (1ms) [Parameters=[], CommandType='Text', CommandTimeout='30']
      SELECT [t].[Id], [t].[BudgetAmount], [t].[EntryDate], [t].[EntryPrice], [t].[ExitDate], [t].[ExitPrice], [t].[ExpectedHoldDays], [t].[InvestedAmount], [t].[IsAiTrade], [t].[PnL], [t].[Quantity], [t].[Status], [t].[StopLossPrice], [t].[Symbol], [t].[TakeProfitPrice], [t].[TargetProfitAmount]
      FROM [TradePositions] AS [t]
      WHERE [t].[Status] = N'OPEN' AND [t].[IsAiTrade] = CAST(0 AS bit)
info: Microsoft.EntityFrameworkCore.Database.Command[20101]
      Executed DbCommand (2ms) [Parameters=[], CommandType='Text', CommandTimeout='30']
      SELECT [s].[Id], [s].[Fee], [s].[Notes], [s].[PnlAmount], [s].[PositionId], [s].[Price], [s].[PriceHighSinceBuy], [s].[PriceLowSinceBuy], [s].[Quantity], [s].[Source], [s].[Symbol], [s].[TimingScore], [s].[TotalAmount], [s].[TransactionDate], [s].[TransactionType]
      FROM [StockTransactions] AS [s]
      WHERE [s].[Source] <> N'AI_SIMULATION'
info: Microsoft.EntityFrameworkCore.Database.Command[20101]
      Executed DbCommand (6ms) [Parameters=[@__p_0='?' (DbType = Int32)], CommandType='Text', CommandTimeout='30']
      SELECT TOP(@__p_0) [t].[Id], [t].[ActionTaken], [t].[LessonLearned], [t].[MarketContext], [t].[Rationale], [t].[Result], [t].[Timestamp]
      FROM [TradeEpisodes] AS [t]
      ORDER BY [t].[Timestamp] DESC
info: Microsoft.EntityFrameworkCore.Database.Command[20101]
      Executed DbCommand (1ms) [Parameters=[], CommandType='Text', CommandTimeout='30']
      SELECT TOP(1) [u].[Id], [u].[AmountPerTrade], [u].[DnsePassword], [u].[DnseToken], [u].[DnseUsername], [u].[InvestmentHorizon], [u].[MaxLossPercentage], [u].[RiskTolerance], [u].[StopLossAmount], [u].[TakeProfitAmount], [u].[TargetAmount], [u].[TargetProfitPercentage], [u].[TargetStartDate]
      FROM [UserPreferences] AS [u]
info: Microsoft.EntityFrameworkCore.Database.Command[20101]
      Executed DbCommand (2ms) [Parameters=[], CommandType='Text', CommandTimeout='30']
      SELECT [t].[Id], [t].[Description], [t].[IsAutoGenerated], [t].[LastLearnedAt], [t].[LearnCount], [t].[LossCount], [t].[Name], [t].[RuleLogic], [t].[StrategyType], [t].[WinCount]
      FROM [TradingStrategies] AS [t]
info: Microsoft.EntityFrameworkCore.Database.Command[20101]
      Executed DbCommand (1ms) [Parameters=[], CommandType='Text', CommandTimeout='30']
      SELECT [t].[Id], [t].[BudgetAmount], [t].[EntryDate], [t].[EntryPrice], [t].[ExitDate], [t].[ExitPrice], [t].[ExpectedHoldDays], [t].[InvestedAmount], [t].[IsAiTrade], [t].[PnL], [t].[Quantity], [t].[Status], [t].[StopLossPrice], [t].[Symbol], [t].[TakeProfitPrice], [t].[TargetProfitAmount]
      FROM [TradePositions] AS [t]
      WHERE [t].[Status] = N'OPEN' AND [t].[IsAiTrade] = CAST(0 AS bit)
info: Microsoft.EntityFrameworkCore.Database.Command[20101]
      Executed DbCommand (2ms) [Parameters=[], CommandType='Text', CommandTimeout='30']
      SELECT [s].[Id], [s].[Fee], [s].[Notes], [s].[PnlAmount], [s].[PositionId], [s].[Price], [s].[PriceHighSinceBuy], [s].[PriceLowSinceBuy], [s].[Quantity], [s].[Source], [s].[Symbol], [s].[TimingScore], [s].[TotalAmount], [s].[TransactionDate], [s].[TransactionType]
      FROM [StockTransactions] AS [s]
      WHERE [s].[Source] <> N'AI_SIMULATION'
info: Microsoft.EntityFrameworkCore.Database.Command[20101]
      Executed DbCommand (2ms) [Parameters=[@__p_0='?' (DbType = Int32)], CommandType='Text', CommandTimeout='30']
      SELECT TOP(@__p_0) [t].[Id], [t].[ActionTaken], [t].[LessonLearned], [t].[MarketContext], [t].[Rationale], [t].[Result], [t].[Timestamp]
      FROM [TradeEpisodes] AS [t]
      ORDER BY [t].[Timestamp] DESC
info: Microsoft.Hosting.Lifetime[0]
      Application is shutting down...
