info: AITradingSystem.Services.BackgroundTrainingService[0]
      BackgroundTrainingService started
info: Microsoft.Hosting.Lifetime[0]
      Application started. Press Ctrl+C to shut down.
info: Microsoft.Hosting.Lifetime[0]
      Hosting environment: Development
info: Microsoft.Hosting.Lifetime[0]
      Content root path: d:\NDA\NEW\Tool_Manager\AITradingSystem\publish
warn: Microsoft.AspNetCore.HttpsPolicy.HttpsRedirectionMiddleware[3]
      Failed to determine the https port for redirect.
warn: Microsoft.EntityFrameworkCore.Model.Validation[30000]
      No store type was specified for the decimal property 'AmountPerTrade' on entity type 'UserPreference'. This will cause values to be silently truncated if they do not fit in the default precision and scale. Explicitly specify the SQL server column type that can accommodate all the values in 'OnModelCreating' using 'HasColumnType', specify precision and scale using 'HasPrecision', or configure a value converter using 'HasConversion'.
warn: Microsoft.EntityFrameworkCore.Model.Validation[30000]
      No store type was specified for the decimal property 'MaxLossPercentage' on entity type 'UserPreference'. This will cause values to be silently truncated if they do not fit in the default precision and scale. Explicitly specify the SQL server column type that can accommodate all the values in 'OnModelCreating' using 'HasColumnType', specify precision and scale using 'HasPrecision', or configure a value converter using 'HasConversion'.
warn: Microsoft.EntityFrameworkCore.Model.Validation[30000]
      No store type was specified for the decimal property 'StopLossAmount' on entity type 'UserPreference'. This will cause values to be silently truncated if they do not fit in the default precision and scale. Explicitly specify the SQL server column type that can accommodate all the values in 'OnModelCreating' using 'HasColumnType', specify precision and scale using 'HasPrecision', or configure a value converter using 'HasConversion'.
warn: Microsoft.EntityFrameworkCore.Model.Validation[30000]
      No store type was specified for the decimal property 'TakeProfitAmount' on entity type 'UserPreference'. This will cause values to be silently truncated if they do not fit in the default precision and scale. Explicitly specify the SQL server column type that can accommodate all the values in 'OnModelCreating' using 'HasColumnType', specify precision and scale using 'HasPrecision', or configure a value converter using 'HasConversion'.
warn: Microsoft.EntityFrameworkCore.Model.Validation[30000]
      No store type was specified for the decimal property 'TargetAmount' on entity type 'UserPreference'. This will cause values to be silently truncated if they do not fit in the default precision and scale. Explicitly specify the SQL server column type that can accommodate all the values in 'OnModelCreating' using 'HasColumnType', specify precision and scale using 'HasPrecision', or configure a value converter using 'HasConversion'.
warn: Microsoft.EntityFrameworkCore.Model.Validation[30000]
      No store type was specified for the decimal property 'TargetProfitPercentage' on entity type 'UserPreference'. This will cause values to be silently truncated if they do not fit in the default precision and scale. Explicitly specify the SQL server column type that can accommodate all the values in 'OnModelCreating' using 'HasColumnType', specify precision and scale using 'HasPrecision', or configure a value converter using 'HasConversion'.
info: Microsoft.EntityFrameworkCore.Database.Command[20101]
      Executed DbCommand (37ms) [Parameters=[], CommandType='Text', CommandTimeout='30']
      SELECT [t].[Id], [t].[BudgetAmount], [t].[EntryDate], [t].[EntryPrice], [t].[ExitDate], [t].[ExitPrice], [t].[ExpectedHoldDays], [t].[InvestedAmount], [t].[IsAiTrade], [t].[PnL], [t].[Quantity], [t].[Status], [t].[StopLossPrice], [t].[Symbol], [t].[TakeProfitPrice], [t].[TargetProfitAmount]
      FROM [TradePositions] AS [t]
      WHERE [t].[Status] = N'OPEN' AND [t].[IsAiTrade] = CAST(0 AS bit)
warn: Microsoft.EntityFrameworkCore.Query[10103]
      The query uses the 'First'/'FirstOrDefault' operator without 'OrderBy' and filter operators. This may lead to unpredictable results.
info: Microsoft.EntityFrameworkCore.Database.Command[20101]
      Executed DbCommand (4ms) [Parameters=[], CommandType='Text', CommandTimeout='30']
      SELECT TOP(1) [u].[Id], [u].[AmountPerTrade], [u].[DnsePassword], [u].[DnseToken], [u].[DnseUsername], [u].[InvestmentHorizon], [u].[MaxLossPercentage], [u].[RiskTolerance], [u].[StopLossAmount], [u].[TakeProfitAmount], [u].[TargetAmount], [u].[TargetProfitPercentage], [u].[TargetStartDate]
      FROM [UserPreferences] AS [u]
info: Microsoft.EntityFrameworkCore.Database.Command[20101]
      Executed DbCommand (1ms) [Parameters=[], CommandType='Text', CommandTimeout='30']
      SELECT [s].[Id], [s].[Fee], [s].[Notes], [s].[PnlAmount], [s].[PositionId], [s].[Price], [s].[PriceHighSinceBuy], [s].[PriceLowSinceBuy], [s].[Quantity], [s].[Source], [s].[Symbol], [s].[TimingScore], [s].[TotalAmount], [s].[TransactionDate], [s].[TransactionType]
      FROM [StockTransactions] AS [s]
      WHERE [s].[Source] <> N'AI_SIMULATION'
      ORDER BY [s].[TransactionDate] DESC
info: Microsoft.EntityFrameworkCore.Database.Command[20101]
      Executed DbCommand (1ms) [Parameters=[], CommandType='Text', CommandTimeout='30']
      SELECT [i].[Id], [i].[ActionsJson], [i].[ActualProfit], [i].[AiVersion], [i].[Capital], [i].[DaysRemainingAtRun], [i].[EndDate], [i].[ExpectedContributionsJson], [i].[FinalProfit], [i].[PlanSummary], [i].[PortfolioSnapshotJson], [i].[Rationale], [i].[RemainingProfitNeeded], [i].[RunDate], [i].[StartDate], [i].[Status], [i].[SuccessProbability], [i].[TargetProfit], [i].[WasSuccessful]
      FROM [InvestmentPlans] AS [i]
      WHERE [i].[Status] = N'Active'
info: Microsoft.EntityFrameworkCore.Database.Command[20101]
      Executed DbCommand (14ms) [Parameters=[@p18='?' (DbType = Int32), @p0='?' (Size = 4000), @p1='?' (Precision = 18) (Scale = 4) (DbType = Decimal), @p2='?' (Size = 4000), @p3='?' (Precision = 18) (Scale = 4) (DbType = Decimal), @p4='?' (DbType = Int32), @p5='?' (DbType = DateTime2), @p6='?' (Size = 4000), @p7='?' (Precision = 18) (Scale = 4) (DbType = Decimal), @p8='?' (Size = 4000), @p9='?' (Size = 4000), @p10='?' (Size = 4000), @p11='?' (Precision = 18) (Scale = 4) (DbType = Decimal), @p12='?' (DbType = DateTime2), @p13='?' (DbType = DateTime2), @p14='?' (Size = 4000), @p15='?' (DbType = Double), @p16='?' (Precision = 18) (Scale = 4) (DbType = Decimal), @p17='?' (DbType = Boolean), @p20='?' (DbType = Int32), @p19='?' (Precision = 18) (Scale = 4) (DbType = Decimal)], CommandType='Text', CommandTimeout='30']
      SET NOCOUNT ON;
      UPDATE [InvestmentPlans] SET [ActionsJson] = @p0, [ActualProfit] = @p1, [AiVersion] = @p2, [Capital] = @p3, [DaysRemainingAtRun] = @p4, [EndDate] = @p5, [ExpectedContributionsJson] = @p6, [FinalProfit] = @p7, [PlanSummary] = @p8, [PortfolioSnapshotJson] = @p9, [Rationale] = @p10, [RemainingProfitNeeded] = @p11, [RunDate] = @p12, [StartDate] = @p13, [Status] = @p14, [SuccessProbability] = @p15, [TargetProfit] = @p16, [WasSuccessful] = @p17
      OUTPUT 1
      WHERE [Id] = @p18;
      UPDATE [TradePositions] SET [EntryPrice] = @p19
      OUTPUT 1
      WHERE [Id] = @p20;
info: Microsoft.EntityFrameworkCore.Database.Command[20101]
      Executed DbCommand (1ms) [Parameters=[], CommandType='Text', CommandTimeout='30']
      SELECT TOP(1) [i].[Id], [i].[ActionsJson], [i].[ActualProfit], [i].[AiVersion], [i].[Capital], [i].[DaysRemainingAtRun], [i].[EndDate], [i].[ExpectedContributionsJson], [i].[FinalProfit], [i].[PlanSummary], [i].[PortfolioSnapshotJson], [i].[Rationale], [i].[RemainingProfitNeeded], [i].[RunDate], [i].[StartDate], [i].[Status], [i].[SuccessProbability], [i].[TargetProfit], [i].[WasSuccessful]
      FROM [InvestmentPlans] AS [i]
      ORDER BY [i].[RunDate] DESC
info: Microsoft.EntityFrameworkCore.Database.Command[20101]
      Executed DbCommand (1ms) [Parameters=[], CommandType='Text', CommandTimeout='30']
      SELECT [i].[Id], [i].[ActionsJson], [i].[ActualProfit], [i].[AiVersion], [i].[Capital], [i].[DaysRemainingAtRun], [i].[EndDate], [i].[ExpectedContributionsJson], [i].[FinalProfit], [i].[PlanSummary], [i].[PortfolioSnapshotJson], [i].[Rationale], [i].[RemainingProfitNeeded], [i].[RunDate], [i].[StartDate], [i].[Status], [i].[SuccessProbability], [i].[TargetProfit], [i].[WasSuccessful]
      FROM [InvestmentPlans] AS [i]
      ORDER BY [i].[RunDate] DESC
info: Microsoft.EntityFrameworkCore.Database.Command[20101]
      Executed DbCommand (1ms) [Parameters=[], CommandType='Text', CommandTimeout='30']
      SELECT DISTINCT [t].[Symbol]
      FROM [TradePositions] AS [t]
info: Microsoft.EntityFrameworkCore.Database.Command[20101]
      Executed DbCommand (1ms) [Parameters=[], CommandType='Text', CommandTimeout='30']
      SELECT TOP(1) [u].[Id], [u].[AmountPerTrade], [u].[DnsePassword], [u].[DnseToken], [u].[DnseUsername], [u].[InvestmentHorizon], [u].[MaxLossPercentage], [u].[RiskTolerance], [u].[StopLossAmount], [u].[TakeProfitAmount], [u].[TargetAmount], [u].[TargetProfitPercentage], [u].[TargetStartDate]
      FROM [UserPreferences] AS [u]
info: Microsoft.EntityFrameworkCore.Database.Command[20101]
      Executed DbCommand (1ms) [Parameters=[@__symbol_0='?' (Size = 4000)], CommandType='Text', CommandTimeout='30']
      SELECT [t].[Id], [t].[BudgetAmount], [t].[EntryDate], [t].[EntryPrice], [t].[ExitDate], [t].[ExitPrice], [t].[ExpectedHoldDays], [t].[InvestedAmount], [t].[IsAiTrade], [t].[PnL], [t].[Quantity], [t].[Status], [t].[StopLossPrice], [t].[Symbol], [t].[TakeProfitPrice], [t].[TargetProfitAmount]
      FROM [TradePositions] AS [t]
      WHERE [t].[Symbol] = @__symbol_0 AND [t].[Status] = N'OPEN'
info: Microsoft.EntityFrameworkCore.Database.Command[20101]
      Executed DbCommand (1ms) [Parameters=[], CommandType='Text', CommandTimeout='30']
      SELECT TOP(1) [u].[Id], [u].[AmountPerTrade], [u].[DnsePassword], [u].[DnseToken], [u].[DnseUsername], [u].[InvestmentHorizon], [u].[MaxLossPercentage], [u].[RiskTolerance], [u].[StopLossAmount], [u].[TakeProfitAmount], [u].[TargetAmount], [u].[TargetProfitPercentage], [u].[TargetStartDate]
      FROM [UserPreferences] AS [u]
info: Microsoft.EntityFrameworkCore.Database.Command[20101]
      Executed DbCommand (1ms) [Parameters=[@__symbol_0='?' (Size = 4000)], CommandType='Text', CommandTimeout='30']
      SELECT TOP(1) [t].[Id], [t].[BudgetAmount], [t].[EntryDate], [t].[EntryPrice], [t].[ExitDate], [t].[ExitPrice], [t].[ExpectedHoldDays], [t].[InvestedAmount], [t].[IsAiTrade], [t].[PnL], [t].[Quantity], [t].[Status], [t].[StopLossPrice], [t].[Symbol], [t].[TakeProfitPrice], [t].[TargetProfitAmount]
      FROM [TradePositions] AS [t]
      WHERE [t].[Symbol] = @__symbol_0 AND [t].[Status] = N'OPEN' AND [t].[IsAiTrade] = CAST(0 AS bit)
info: Microsoft.EntityFrameworkCore.Database.Command[20101]
      Executed DbCommand (1ms) [Parameters=[], CommandType='Text', CommandTimeout='30']
      SELECT [t].[Id], [t].[Description], [t].[IsAutoGenerated], [t].[LastLearnedAt], [t].[LearnCount], [t].[LossCount], [t].[Name], [t].[RuleLogic], [t].[StrategyType], [t].[WinCount]
      FROM [TradingStrategies] AS [t]
info: Microsoft.EntityFrameworkCore.Database.Command[20101]
      Executed DbCommand (1ms) [Parameters=[@__p_0='?' (DbType = Int32)], CommandType='Text', CommandTimeout='30']
      SELECT TOP(@__p_0) [t].[Id], [t].[ActionTaken], [t].[LessonLearned], [t].[MarketContext], [t].[Rationale], [t].[Result], [t].[Timestamp]
      FROM [TradeEpisodes] AS [t]
      WHERE [t].[LessonLearned] NOT LIKE N''
      ORDER BY [t].[Timestamp] DESC
info: Microsoft.EntityFrameworkCore.Database.Command[20101]
      Executed DbCommand (1ms) [Parameters=[@__symbol_0='?' (Size = 4000)], CommandType='Text', CommandTimeout='30']
      SELECT [s].[Id], [s].[Fee], [s].[Notes], [s].[PnlAmount], [s].[PositionId], [s].[Price], [s].[PriceHighSinceBuy], [s].[PriceLowSinceBuy], [s].[Quantity], [s].[Source], [s].[Symbol], [s].[TimingScore], [s].[TotalAmount], [s].[TransactionDate], [s].[TransactionType]
      FROM [StockTransactions] AS [s]
      WHERE [s].[Symbol] = @__symbol_0 AND [s].[Source] <> N'AI_SIMULATION'
      ORDER BY [s].[TransactionDate]
info: Microsoft.EntityFrameworkCore.Database.Command[20101]
      Executed DbCommand (1ms) [Parameters=[@__symbol_0='?' (Size = 4000)], CommandType='Text', CommandTimeout='30']
      SELECT [t].[Id], [t].[BudgetAmount], [t].[EntryDate], [t].[EntryPrice], [t].[ExitDate], [t].[ExitPrice], [t].[ExpectedHoldDays], [t].[InvestedAmount], [t].[IsAiTrade], [t].[PnL], [t].[Quantity], [t].[Status], [t].[StopLossPrice], [t].[Symbol], [t].[TakeProfitPrice], [t].[TargetProfitAmount]
      FROM [TradePositions] AS [t]
      WHERE [t].[Symbol] = @__symbol_0 AND [t].[Status] = N'OPEN'
info: Microsoft.EntityFrameworkCore.Database.Command[20101]
      Executed DbCommand (0ms) [Parameters=[], CommandType='Text', CommandTimeout='30']
      SELECT TOP(1) [u].[Id], [u].[AmountPerTrade], [u].[DnsePassword], [u].[DnseToken], [u].[DnseUsername], [u].[InvestmentHorizon], [u].[MaxLossPercentage], [u].[RiskTolerance], [u].[StopLossAmount], [u].[TakeProfitAmount], [u].[TargetAmount], [u].[TargetProfitPercentage], [u].[TargetStartDate]
      FROM [UserPreferences] AS [u]
info: Microsoft.EntityFrameworkCore.Database.Command[20101]
      Executed DbCommand (0ms) [Parameters=[@__symbol_0='?' (Size = 4000)], CommandType='Text', CommandTimeout='30']
      SELECT TOP(1) [t].[Id], [t].[BudgetAmount], [t].[EntryDate], [t].[EntryPrice], [t].[ExitDate], [t].[ExitPrice], [t].[ExpectedHoldDays], [t].[InvestedAmount], [t].[IsAiTrade], [t].[PnL], [t].[Quantity], [t].[Status], [t].[StopLossPrice], [t].[Symbol], [t].[TakeProfitPrice], [t].[TargetProfitAmount]
      FROM [TradePositions] AS [t]
      WHERE [t].[Symbol] = @__symbol_0 AND [t].[Status] = N'OPEN' AND [t].[IsAiTrade] = CAST(0 AS bit)
info: Microsoft.EntityFrameworkCore.Database.Command[20101]
      Executed DbCommand (0ms) [Parameters=[], CommandType='Text', CommandTimeout='30']
      SELECT [t].[Id], [t].[Description], [t].[IsAutoGenerated], [t].[LastLearnedAt], [t].[LearnCount], [t].[LossCount], [t].[Name], [t].[RuleLogic], [t].[StrategyType], [t].[WinCount]
      FROM [TradingStrategies] AS [t]
info: Microsoft.EntityFrameworkCore.Database.Command[20101]
      Executed DbCommand (1ms) [Parameters=[@__p_0='?' (DbType = Int32)], CommandType='Text', CommandTimeout='30']
      SELECT TOP(@__p_0) [t].[Id], [t].[ActionTaken], [t].[LessonLearned], [t].[MarketContext], [t].[Rationale], [t].[Result], [t].[Timestamp]
      FROM [TradeEpisodes] AS [t]
      WHERE [t].[LessonLearned] NOT LIKE N''
      ORDER BY [t].[Timestamp] DESC
info: Microsoft.EntityFrameworkCore.Database.Command[20101]
      Executed DbCommand (1ms) [Parameters=[@__symbol_0='?' (Size = 4000)], CommandType='Text', CommandTimeout='30']
      SELECT [s].[Id], [s].[Fee], [s].[Notes], [s].[PnlAmount], [s].[PositionId], [s].[Price], [s].[PriceHighSinceBuy], [s].[PriceLowSinceBuy], [s].[Quantity], [s].[Source], [s].[Symbol], [s].[TimingScore], [s].[TotalAmount], [s].[TransactionDate], [s].[TransactionType]
      FROM [StockTransactions] AS [s]
      WHERE [s].[Symbol] = @__symbol_0 AND [s].[Source] <> N'AI_SIMULATION'
      ORDER BY [s].[TransactionDate]
info: Microsoft.EntityFrameworkCore.Database.Command[20101]
      Executed DbCommand (1ms) [Parameters=[@__symbol_0='?' (Size = 4000)], CommandType='Text', CommandTimeout='30']
      SELECT [t].[Id], [t].[BudgetAmount], [t].[EntryDate], [t].[EntryPrice], [t].[ExitDate], [t].[ExitPrice], [t].[ExpectedHoldDays], [t].[InvestedAmount], [t].[IsAiTrade], [t].[PnL], [t].[Quantity], [t].[Status], [t].[StopLossPrice], [t].[Symbol], [t].[TakeProfitPrice], [t].[TargetProfitAmount]
      FROM [TradePositions] AS [t]
      WHERE [t].[Symbol] = @__symbol_0 AND [t].[Status] = N'OPEN'
info: Microsoft.EntityFrameworkCore.Database.Command[20101]
      Executed DbCommand (1ms) [Parameters=[], CommandType='Text', CommandTimeout='30']
      SELECT TOP(1) [u].[Id], [u].[AmountPerTrade], [u].[DnsePassword], [u].[DnseToken], [u].[DnseUsername], [u].[InvestmentHorizon], [u].[MaxLossPercentage], [u].[RiskTolerance], [u].[StopLossAmount], [u].[TakeProfitAmount], [u].[TargetAmount], [u].[TargetProfitPercentage], [u].[TargetStartDate]
      FROM [UserPreferences] AS [u]
info: Microsoft.EntityFrameworkCore.Database.Command[20101]
      Executed DbCommand (1ms) [Parameters=[@__symbol_0='?' (Size = 4000)], CommandType='Text', CommandTimeout='30']
      SELECT TOP(1) [t].[Id], [t].[BudgetAmount], [t].[EntryDate], [t].[EntryPrice], [t].[ExitDate], [t].[ExitPrice], [t].[ExpectedHoldDays], [t].[InvestedAmount], [t].[IsAiTrade], [t].[PnL], [t].[Quantity], [t].[Status], [t].[StopLossPrice], [t].[Symbol], [t].[TakeProfitPrice], [t].[TargetProfitAmount]
      FROM [TradePositions] AS [t]
      WHERE [t].[Symbol] = @__symbol_0 AND [t].[Status] = N'OPEN' AND [t].[IsAiTrade] = CAST(0 AS bit)
info: Microsoft.EntityFrameworkCore.Database.Command[20101]
      Executed DbCommand (0ms) [Parameters=[], CommandType='Text', CommandTimeout='30']
      SELECT [t].[Id], [t].[Description], [t].[IsAutoGenerated], [t].[LastLearnedAt], [t].[LearnCount], [t].[LossCount], [t].[Name], [t].[RuleLogic], [t].[StrategyType], [t].[WinCount]
      FROM [TradingStrategies] AS [t]
info: Microsoft.EntityFrameworkCore.Database.Command[20101]
      Executed DbCommand (1ms) [Parameters=[@__p_0='?' (DbType = Int32)], CommandType='Text', CommandTimeout='30']
      SELECT TOP(@__p_0) [t].[Id], [t].[ActionTaken], [t].[LessonLearned], [t].[MarketContext], [t].[Rationale], [t].[Result], [t].[Timestamp]
      FROM [TradeEpisodes] AS [t]
      WHERE [t].[LessonLearned] NOT LIKE N''
      ORDER BY [t].[Timestamp] DESC
info: Microsoft.EntityFrameworkCore.Database.Command[20101]
      Executed DbCommand (1ms) [Parameters=[@__symbol_0='?' (Size = 4000)], CommandType='Text', CommandTimeout='30']
      SELECT [s].[Id], [s].[Fee], [s].[Notes], [s].[PnlAmount], [s].[PositionId], [s].[Price], [s].[PriceHighSinceBuy], [s].[PriceLowSinceBuy], [s].[Quantity], [s].[Source], [s].[Symbol], [s].[TimingScore], [s].[TotalAmount], [s].[TransactionDate], [s].[TransactionType]
      FROM [StockTransactions] AS [s]
      WHERE [s].[Symbol] = @__symbol_0 AND [s].[Source] <> N'AI_SIMULATION'
      ORDER BY [s].[TransactionDate]
info: Microsoft.EntityFrameworkCore.Database.Command[20101]
      Executed DbCommand (1ms) [Parameters=[], CommandType='Text', CommandTimeout='30']
      SELECT DISTINCT [t].[Symbol]
      FROM [TradePositions] AS [t]
info: Microsoft.EntityFrameworkCore.Database.Command[20101]
      Executed DbCommand (0ms) [Parameters=[], CommandType='Text', CommandTimeout='30']
      SELECT TOP(1) [u].[Id], [u].[AmountPerTrade], [u].[DnsePassword], [u].[DnseToken], [u].[DnseUsername], [u].[InvestmentHorizon], [u].[MaxLossPercentage], [u].[RiskTolerance], [u].[StopLossAmount], [u].[TakeProfitAmount], [u].[TargetAmount], [u].[TargetProfitPercentage], [u].[TargetStartDate]
      FROM [UserPreferences] AS [u]
info: Microsoft.EntityFrameworkCore.Database.Command[20101]
      Executed DbCommand (1ms) [Parameters=[@__symbol_0='?' (Size = 4000)], CommandType='Text', CommandTimeout='30']
      SELECT [t].[Id], [t].[BudgetAmount], [t].[EntryDate], [t].[EntryPrice], [t].[ExitDate], [t].[ExitPrice], [t].[ExpectedHoldDays], [t].[InvestedAmount], [t].[IsAiTrade], [t].[PnL], [t].[Quantity], [t].[Status], [t].[StopLossPrice], [t].[Symbol], [t].[TakeProfitPrice], [t].[TargetProfitAmount]
      FROM [TradePositions] AS [t]
      WHERE [t].[Symbol] = @__symbol_0 AND [t].[Status] = N'OPEN'
info: Microsoft.EntityFrameworkCore.Database.Command[20101]
      Executed DbCommand (0ms) [Parameters=[], CommandType='Text', CommandTimeout='30']
      SELECT TOP(1) [u].[Id], [u].[AmountPerTrade], [u].[DnsePassword], [u].[DnseToken], [u].[DnseUsername], [u].[InvestmentHorizon], [u].[MaxLossPercentage], [u].[RiskTolerance], [u].[StopLossAmount], [u].[TakeProfitAmount], [u].[TargetAmount], [u].[TargetProfitPercentage], [u].[TargetStartDate]
      FROM [UserPreferences] AS [u]
info: Microsoft.EntityFrameworkCore.Database.Command[20101]
      Executed DbCommand (1ms) [Parameters=[@__symbol_0='?' (Size = 4000)], CommandType='Text', CommandTimeout='30']
      SELECT TOP(1) [t].[Id], [t].[BudgetAmount], [t].[EntryDate], [t].[EntryPrice], [t].[ExitDate], [t].[ExitPrice], [t].[ExpectedHoldDays], [t].[InvestedAmount], [t].[IsAiTrade], [t].[PnL], [t].[Quantity], [t].[Status], [t].[StopLossPrice], [t].[Symbol], [t].[TakeProfitPrice], [t].[TargetProfitAmount]
      FROM [TradePositions] AS [t]
      WHERE [t].[Symbol] = @__symbol_0 AND [t].[Status] = N'OPEN' AND [t].[IsAiTrade] = CAST(0 AS bit)
info: Microsoft.EntityFrameworkCore.Database.Command[20101]
      Executed DbCommand (0ms) [Parameters=[], CommandType='Text', CommandTimeout='30']
      SELECT [t].[Id], [t].[Description], [t].[IsAutoGenerated], [t].[LastLearnedAt], [t].[LearnCount], [t].[LossCount], [t].[Name], [t].[RuleLogic], [t].[StrategyType], [t].[WinCount]
      FROM [TradingStrategies] AS [t]
info: Microsoft.EntityFrameworkCore.Database.Command[20101]
      Executed DbCommand (1ms) [Parameters=[@__p_0='?' (DbType = Int32)], CommandType='Text', CommandTimeout='30']
      SELECT TOP(@__p_0) [t].[Id], [t].[ActionTaken], [t].[LessonLearned], [t].[MarketContext], [t].[Rationale], [t].[Result], [t].[Timestamp]
      FROM [TradeEpisodes] AS [t]
      WHERE [t].[LessonLearned] NOT LIKE N''
      ORDER BY [t].[Timestamp] DESC
info: Microsoft.EntityFrameworkCore.Database.Command[20101]
      Executed DbCommand (1ms) [Parameters=[@__symbol_0='?' (Size = 4000)], CommandType='Text', CommandTimeout='30']
      SELECT [s].[Id], [s].[Fee], [s].[Notes], [s].[PnlAmount], [s].[PositionId], [s].[Price], [s].[PriceHighSinceBuy], [s].[PriceLowSinceBuy], [s].[Quantity], [s].[Source], [s].[Symbol], [s].[TimingScore], [s].[TotalAmount], [s].[TransactionDate], [s].[TransactionType]
      FROM [StockTransactions] AS [s]
      WHERE [s].[Symbol] = @__symbol_0 AND [s].[Source] <> N'AI_SIMULATION'
      ORDER BY [s].[TransactionDate]
info: Microsoft.EntityFrameworkCore.Database.Command[20101]
      Executed DbCommand (1ms) [Parameters=[@__symbol_0='?' (Size = 4000)], CommandType='Text', CommandTimeout='30']
      SELECT [t].[Id], [t].[BudgetAmount], [t].[EntryDate], [t].[EntryPrice], [t].[ExitDate], [t].[ExitPrice], [t].[ExpectedHoldDays], [t].[InvestedAmount], [t].[IsAiTrade], [t].[PnL], [t].[Quantity], [t].[Status], [t].[StopLossPrice], [t].[Symbol], [t].[TakeProfitPrice], [t].[TargetProfitAmount]
      FROM [TradePositions] AS [t]
      WHERE [t].[Symbol] = @__symbol_0 AND [t].[Status] = N'OPEN'
info: Microsoft.EntityFrameworkCore.Database.Command[20101]
      Executed DbCommand (0ms) [Parameters=[], CommandType='Text', CommandTimeout='30']
      SELECT TOP(1) [u].[Id], [u].[AmountPerTrade], [u].[DnsePassword], [u].[DnseToken], [u].[DnseUsername], [u].[InvestmentHorizon], [u].[MaxLossPercentage], [u].[RiskTolerance], [u].[StopLossAmount], [u].[TakeProfitAmount], [u].[TargetAmount], [u].[TargetProfitPercentage], [u].[TargetStartDate]
      FROM [UserPreferences] AS [u]
info: Microsoft.EntityFrameworkCore.Database.Command[20101]
      Executed DbCommand (0ms) [Parameters=[@__symbol_0='?' (Size = 4000)], CommandType='Text', CommandTimeout='30']
      SELECT TOP(1) [t].[Id], [t].[BudgetAmount], [t].[EntryDate], [t].[EntryPrice], [t].[ExitDate], [t].[ExitPrice], [t].[ExpectedHoldDays], [t].[InvestedAmount], [t].[IsAiTrade], [t].[PnL], [t].[Quantity], [t].[Status], [t].[StopLossPrice], [t].[Symbol], [t].[TakeProfitPrice], [t].[TargetProfitAmount]
      FROM [TradePositions] AS [t]
      WHERE [t].[Symbol] = @__symbol_0 AND [t].[Status] = N'OPEN' AND [t].[IsAiTrade] = CAST(0 AS bit)
info: Microsoft.EntityFrameworkCore.Database.Command[20101]
      Executed DbCommand (0ms) [Parameters=[], CommandType='Text', CommandTimeout='30']
      SELECT [t].[Id], [t].[Description], [t].[IsAutoGenerated], [t].[LastLearnedAt], [t].[LearnCount], [t].[LossCount], [t].[Name], [t].[RuleLogic], [t].[StrategyType], [t].[WinCount]
      FROM [TradingStrategies] AS [t]
info: Microsoft.EntityFrameworkCore.Database.Command[20101]
      Executed DbCommand (1ms) [Parameters=[@__p_0='?' (DbType = Int32)], CommandType='Text', CommandTimeout='30']
      SELECT TOP(@__p_0) [t].[Id], [t].[ActionTaken], [t].[LessonLearned], [t].[MarketContext], [t].[Rationale], [t].[Result], [t].[Timestamp]
      FROM [TradeEpisodes] AS [t]
      WHERE [t].[LessonLearned] NOT LIKE N''
      ORDER BY [t].[Timestamp] DESC
info: Microsoft.EntityFrameworkCore.Database.Command[20101]
      Executed DbCommand (0ms) [Parameters=[@__symbol_0='?' (Size = 4000)], CommandType='Text', CommandTimeout='30']
      SELECT [s].[Id], [s].[Fee], [s].[Notes], [s].[PnlAmount], [s].[PositionId], [s].[Price], [s].[PriceHighSinceBuy], [s].[PriceLowSinceBuy], [s].[Quantity], [s].[Source], [s].[Symbol], [s].[TimingScore], [s].[TotalAmount], [s].[TransactionDate], [s].[TransactionType]
      FROM [StockTransactions] AS [s]
      WHERE [s].[Symbol] = @__symbol_0 AND [s].[Source] <> N'AI_SIMULATION'
      ORDER BY [s].[TransactionDate]
info: Microsoft.EntityFrameworkCore.Database.Command[20101]
      Executed DbCommand (1ms) [Parameters=[@__symbol_0='?' (Size = 4000)], CommandType='Text', CommandTimeout='30']
      SELECT [t].[Id], [t].[BudgetAmount], [t].[EntryDate], [t].[EntryPrice], [t].[ExitDate], [t].[ExitPrice], [t].[ExpectedHoldDays], [t].[InvestedAmount], [t].[IsAiTrade], [t].[PnL], [t].[Quantity], [t].[Status], [t].[StopLossPrice], [t].[Symbol], [t].[TakeProfitPrice], [t].[TargetProfitAmount]
      FROM [TradePositions] AS [t]
      WHERE [t].[Symbol] = @__symbol_0 AND [t].[Status] = N'OPEN'
info: Microsoft.EntityFrameworkCore.Database.Command[20101]
      Executed DbCommand (0ms) [Parameters=[], CommandType='Text', CommandTimeout='30']
      SELECT TOP(1) [u].[Id], [u].[AmountPerTrade], [u].[DnsePassword], [u].[DnseToken], [u].[DnseUsername], [u].[InvestmentHorizon], [u].[MaxLossPercentage], [u].[RiskTolerance], [u].[StopLossAmount], [u].[TakeProfitAmount], [u].[TargetAmount], [u].[TargetProfitPercentage], [u].[TargetStartDate]
      FROM [UserPreferences] AS [u]
info: Microsoft.EntityFrameworkCore.Database.Command[20101]
      Executed DbCommand (0ms) [Parameters=[@__symbol_0='?' (Size = 4000)], CommandType='Text', CommandTimeout='30']
      SELECT TOP(1) [t].[Id], [t].[BudgetAmount], [t].[EntryDate], [t].[EntryPrice], [t].[ExitDate], [t].[ExitPrice], [t].[ExpectedHoldDays], [t].[InvestedAmount], [t].[IsAiTrade], [t].[PnL], [t].[Quantity], [t].[Status], [t].[StopLossPrice], [t].[Symbol], [t].[TakeProfitPrice], [t].[TargetProfitAmount]
      FROM [TradePositions] AS [t]
      WHERE [t].[Symbol] = @__symbol_0 AND [t].[Status] = N'OPEN' AND [t].[IsAiTrade] = CAST(0 AS bit)
info: Microsoft.EntityFrameworkCore.Database.Command[20101]
      Executed DbCommand (0ms) [Parameters=[], CommandType='Text', CommandTimeout='30']
      SELECT [t].[Id], [t].[Description], [t].[IsAutoGenerated], [t].[LastLearnedAt], [t].[LearnCount], [t].[LossCount], [t].[Name], [t].[RuleLogic], [t].[StrategyType], [t].[WinCount]
      FROM [TradingStrategies] AS [t]
info: Microsoft.EntityFrameworkCore.Database.Command[20101]
      Executed DbCommand (1ms) [Parameters=[@__p_0='?' (DbType = Int32)], CommandType='Text', CommandTimeout='30']
      SELECT TOP(@__p_0) [t].[Id], [t].[ActionTaken], [t].[LessonLearned], [t].[MarketContext], [t].[Rationale], [t].[Result], [t].[Timestamp]
      FROM [TradeEpisodes] AS [t]
      WHERE [t].[LessonLearned] NOT LIKE N''
      ORDER BY [t].[Timestamp] DESC
info: Microsoft.EntityFrameworkCore.Database.Command[20101]
      Executed DbCommand (0ms) [Parameters=[@__symbol_0='?' (Size = 4000)], CommandType='Text', CommandTimeout='30']
      SELECT [s].[Id], [s].[Fee], [s].[Notes], [s].[PnlAmount], [s].[PositionId], [s].[Price], [s].[PriceHighSinceBuy], [s].[PriceLowSinceBuy], [s].[Quantity], [s].[Source], [s].[Symbol], [s].[TimingScore], [s].[TotalAmount], [s].[TransactionDate], [s].[TransactionType]
      FROM [StockTransactions] AS [s]
      WHERE [s].[Symbol] = @__symbol_0 AND [s].[Source] <> N'AI_SIMULATION'
      ORDER BY [s].[TransactionDate]
info: Microsoft.EntityFrameworkCore.Database.Command[20101]
      Executed DbCommand (1ms) [Parameters=[], CommandType='Text', CommandTimeout='30']
      SELECT DISTINCT [t].[Symbol]
      FROM [TradePositions] AS [t]
info: Microsoft.EntityFrameworkCore.Database.Command[20101]
      Executed DbCommand (1ms) [Parameters=[], CommandType='Text', CommandTimeout='30']
      SELECT TOP(1) [u].[Id], [u].[AmountPerTrade], [u].[DnsePassword], [u].[DnseToken], [u].[DnseUsername], [u].[InvestmentHorizon], [u].[MaxLossPercentage], [u].[RiskTolerance], [u].[StopLossAmount], [u].[TakeProfitAmount], [u].[TargetAmount], [u].[TargetProfitPercentage], [u].[TargetStartDate]
      FROM [UserPreferences] AS [u]
info: Microsoft.EntityFrameworkCore.Database.Command[20101]
      Executed DbCommand (1ms) [Parameters=[@__symbol_0='?' (Size = 4000)], CommandType='Text', CommandTimeout='30']
      SELECT [t].[Id], [t].[BudgetAmount], [t].[EntryDate], [t].[EntryPrice], [t].[ExitDate], [t].[ExitPrice], [t].[ExpectedHoldDays], [t].[InvestedAmount], [t].[IsAiTrade], [t].[PnL], [t].[Quantity], [t].[Status], [t].[StopLossPrice], [t].[Symbol], [t].[TakeProfitPrice], [t].[TargetProfitAmount]
      FROM [TradePositions] AS [t]
      WHERE [t].[Symbol] = @__symbol_0 AND [t].[Status] = N'OPEN'
info: Microsoft.EntityFrameworkCore.Database.Command[20101]
      Executed DbCommand (0ms) [Parameters=[], CommandType='Text', CommandTimeout='30']
      SELECT TOP(1) [u].[Id], [u].[AmountPerTrade], [u].[DnsePassword], [u].[DnseToken], [u].[DnseUsername], [u].[InvestmentHorizon], [u].[MaxLossPercentage], [u].[RiskTolerance], [u].[StopLossAmount], [u].[TakeProfitAmount], [u].[TargetAmount], [u].[TargetProfitPercentage], [u].[TargetStartDate]
      FROM [UserPreferences] AS [u]
info: Microsoft.EntityFrameworkCore.Database.Command[20101]
      Executed DbCommand (0ms) [Parameters=[@__symbol_0='?' (Size = 4000)], CommandType='Text', CommandTimeout='30']
      SELECT TOP(1) [t].[Id], [t].[BudgetAmount], [t].[EntryDate], [t].[EntryPrice], [t].[ExitDate], [t].[ExitPrice], [t].[ExpectedHoldDays], [t].[InvestedAmount], [t].[IsAiTrade], [t].[PnL], [t].[Quantity], [t].[Status], [t].[StopLossPrice], [t].[Symbol], [t].[TakeProfitPrice], [t].[TargetProfitAmount]
      FROM [TradePositions] AS [t]
      WHERE [t].[Symbol] = @__symbol_0 AND [t].[Status] = N'OPEN' AND [t].[IsAiTrade] = CAST(0 AS bit)
info: Microsoft.EntityFrameworkCore.Database.Command[20101]
      Executed DbCommand (0ms) [Parameters=[], CommandType='Text', CommandTimeout='30']
      SELECT [t].[Id], [t].[Description], [t].[IsAutoGenerated], [t].[LastLearnedAt], [t].[LearnCount], [t].[LossCount], [t].[Name], [t].[RuleLogic], [t].[StrategyType], [t].[WinCount]
      FROM [TradingStrategies] AS [t]
info: Microsoft.EntityFrameworkCore.Database.Command[20101]
      Executed DbCommand (1ms) [Parameters=[@__p_0='?' (DbType = Int32)], CommandType='Text', CommandTimeout='30']
      SELECT TOP(@__p_0) [t].[Id], [t].[ActionTaken], [t].[LessonLearned], [t].[MarketContext], [t].[Rationale], [t].[Result], [t].[Timestamp]
      FROM [TradeEpisodes] AS [t]
      WHERE [t].[LessonLearned] NOT LIKE N''
      ORDER BY [t].[Timestamp] DESC
info: Microsoft.EntityFrameworkCore.Database.Command[20101]
      Executed DbCommand (0ms) [Parameters=[@__symbol_0='?' (Size = 4000)], CommandType='Text', CommandTimeout='30']
      SELECT [s].[Id], [s].[Fee], [s].[Notes], [s].[PnlAmount], [s].[PositionId], [s].[Price], [s].[PriceHighSinceBuy], [s].[PriceLowSinceBuy], [s].[Quantity], [s].[Source], [s].[Symbol], [s].[TimingScore], [s].[TotalAmount], [s].[TransactionDate], [s].[TransactionType]
      FROM [StockTransactions] AS [s]
      WHERE [s].[Symbol] = @__symbol_0 AND [s].[Source] <> N'AI_SIMULATION'
      ORDER BY [s].[TransactionDate]
info: Microsoft.EntityFrameworkCore.Database.Command[20101]
      Executed DbCommand (0ms) [Parameters=[@__symbol_0='?' (Size = 4000)], CommandType='Text', CommandTimeout='30']
      SELECT [t].[Id], [t].[BudgetAmount], [t].[EntryDate], [t].[EntryPrice], [t].[ExitDate], [t].[ExitPrice], [t].[ExpectedHoldDays], [t].[InvestedAmount], [t].[IsAiTrade], [t].[PnL], [t].[Quantity], [t].[Status], [t].[StopLossPrice], [t].[Symbol], [t].[TakeProfitPrice], [t].[TargetProfitAmount]
      FROM [TradePositions] AS [t]
      WHERE [t].[Symbol] = @__symbol_0 AND [t].[Status] = N'OPEN'
info: Microsoft.EntityFrameworkCore.Database.Command[20101]
      Executed DbCommand (0ms) [Parameters=[], CommandType='Text', CommandTimeout='30']
      SELECT TOP(1) [u].[Id], [u].[AmountPerTrade], [u].[DnsePassword], [u].[DnseToken], [u].[DnseUsername], [u].[InvestmentHorizon], [u].[MaxLossPercentage], [u].[RiskTolerance], [u].[StopLossAmount], [u].[TakeProfitAmount], [u].[TargetAmount], [u].[TargetProfitPercentage], [u].[TargetStartDate]
      FROM [UserPreferences] AS [u]
info: Microsoft.EntityFrameworkCore.Database.Command[20101]
      Executed DbCommand (0ms) [Parameters=[@__symbol_0='?' (Size = 4000)], CommandType='Text', CommandTimeout='30']
      SELECT TOP(1) [t].[Id], [t].[BudgetAmount], [t].[EntryDate], [t].[EntryPrice], [t].[ExitDate], [t].[ExitPrice], [t].[ExpectedHoldDays], [t].[InvestedAmount], [t].[IsAiTrade], [t].[PnL], [t].[Quantity], [t].[Status], [t].[StopLossPrice], [t].[Symbol], [t].[TakeProfitPrice], [t].[TargetProfitAmount]
      FROM [TradePositions] AS [t]
      WHERE [t].[Symbol] = @__symbol_0 AND [t].[Status] = N'OPEN' AND [t].[IsAiTrade] = CAST(0 AS bit)
info: Microsoft.EntityFrameworkCore.Database.Command[20101]
      Executed DbCommand (0ms) [Parameters=[], CommandType='Text', CommandTimeout='30']
      SELECT [t].[Id], [t].[Description], [t].[IsAutoGenerated], [t].[LastLearnedAt], [t].[LearnCount], [t].[LossCount], [t].[Name], [t].[RuleLogic], [t].[StrategyType], [t].[WinCount]
      FROM [TradingStrategies] AS [t]
info: Microsoft.EntityFrameworkCore.Database.Command[20101]
      Executed DbCommand (1ms) [Parameters=[@__p_0='?' (DbType = Int32)], CommandType='Text', CommandTimeout='30']
      SELECT TOP(@__p_0) [t].[Id], [t].[ActionTaken], [t].[LessonLearned], [t].[MarketContext], [t].[Rationale], [t].[Result], [t].[Timestamp]
      FROM [TradeEpisodes] AS [t]
      WHERE [t].[LessonLearned] NOT LIKE N''
      ORDER BY [t].[Timestamp] DESC
info: Microsoft.EntityFrameworkCore.Database.Command[20101]
      Executed DbCommand (0ms) [Parameters=[@__symbol_0='?' (Size = 4000)], CommandType='Text', CommandTimeout='30']
      SELECT [s].[Id], [s].[Fee], [s].[Notes], [s].[PnlAmount], [s].[PositionId], [s].[Price], [s].[PriceHighSinceBuy], [s].[PriceLowSinceBuy], [s].[Quantity], [s].[Source], [s].[Symbol], [s].[TimingScore], [s].[TotalAmount], [s].[TransactionDate], [s].[TransactionType]
      FROM [StockTransactions] AS [s]
      WHERE [s].[Symbol] = @__symbol_0 AND [s].[Source] <> N'AI_SIMULATION'
      ORDER BY [s].[TransactionDate]
info: Microsoft.EntityFrameworkCore.Database.Command[20101]
      Executed DbCommand (0ms) [Parameters=[@__symbol_0='?' (Size = 4000)], CommandType='Text', CommandTimeout='30']
      SELECT [t].[Id], [t].[BudgetAmount], [t].[EntryDate], [t].[EntryPrice], [t].[ExitDate], [t].[ExitPrice], [t].[ExpectedHoldDays], [t].[InvestedAmount], [t].[IsAiTrade], [t].[PnL], [t].[Quantity], [t].[Status], [t].[StopLossPrice], [t].[Symbol], [t].[TakeProfitPrice], [t].[TargetProfitAmount]
      FROM [TradePositions] AS [t]
      WHERE [t].[Symbol] = @__symbol_0 AND [t].[Status] = N'OPEN'
info: Microsoft.EntityFrameworkCore.Database.Command[20101]
      Executed DbCommand (0ms) [Parameters=[], CommandType='Text', CommandTimeout='30']
      SELECT TOP(1) [u].[Id], [u].[AmountPerTrade], [u].[DnsePassword], [u].[DnseToken], [u].[DnseUsername], [u].[InvestmentHorizon], [u].[MaxLossPercentage], [u].[RiskTolerance], [u].[StopLossAmount], [u].[TakeProfitAmount], [u].[TargetAmount], [u].[TargetProfitPercentage], [u].[TargetStartDate]
      FROM [UserPreferences] AS [u]
info: Microsoft.EntityFrameworkCore.Database.Command[20101]
      Executed DbCommand (0ms) [Parameters=[@__symbol_0='?' (Size = 4000)], CommandType='Text', CommandTimeout='30']
      SELECT TOP(1) [t].[Id], [t].[BudgetAmount], [t].[EntryDate], [t].[EntryPrice], [t].[ExitDate], [t].[ExitPrice], [t].[ExpectedHoldDays], [t].[InvestedAmount], [t].[IsAiTrade], [t].[PnL], [t].[Quantity], [t].[Status], [t].[StopLossPrice], [t].[Symbol], [t].[TakeProfitPrice], [t].[TargetProfitAmount]
      FROM [TradePositions] AS [t]
      WHERE [t].[Symbol] = @__symbol_0 AND [t].[Status] = N'OPEN' AND [t].[IsAiTrade] = CAST(0 AS bit)
info: Microsoft.EntityFrameworkCore.Database.Command[20101]
      Executed DbCommand (0ms) [Parameters=[], CommandType='Text', CommandTimeout='30']
      SELECT [t].[Id], [t].[Description], [t].[IsAutoGenerated], [t].[LastLearnedAt], [t].[LearnCount], [t].[LossCount], [t].[Name], [t].[RuleLogic], [t].[StrategyType], [t].[WinCount]
      FROM [TradingStrategies] AS [t]
info: Microsoft.EntityFrameworkCore.Database.Command[20101]
      Executed DbCommand (1ms) [Parameters=[@__p_0='?' (DbType = Int32)], CommandType='Text', CommandTimeout='30']
      SELECT TOP(@__p_0) [t].[Id], [t].[ActionTaken], [t].[LessonLearned], [t].[MarketContext], [t].[Rationale], [t].[Result], [t].[Timestamp]
      FROM [TradeEpisodes] AS [t]
      WHERE [t].[LessonLearned] NOT LIKE N''
      ORDER BY [t].[Timestamp] DESC
info: Microsoft.EntityFrameworkCore.Database.Command[20101]
      Executed DbCommand (0ms) [Parameters=[@__symbol_0='?' (Size = 4000)], CommandType='Text', CommandTimeout='30']
      SELECT [s].[Id], [s].[Fee], [s].[Notes], [s].[PnlAmount], [s].[PositionId], [s].[Price], [s].[PriceHighSinceBuy], [s].[PriceLowSinceBuy], [s].[Quantity], [s].[Source], [s].[Symbol], [s].[TimingScore], [s].[TotalAmount], [s].[TransactionDate], [s].[TransactionType]
      FROM [StockTransactions] AS [s]
      WHERE [s].[Symbol] = @__symbol_0 AND [s].[Source] <> N'AI_SIMULATION'
      ORDER BY [s].[TransactionDate]
info: Microsoft.EntityFrameworkCore.Database.Command[20101]
      Executed DbCommand (1ms) [Parameters=[], CommandType='Text', CommandTimeout='30']
      SELECT DISTINCT [t].[Symbol]
      FROM [TradePositions] AS [t]
info: Microsoft.EntityFrameworkCore.Database.Command[20101]
      Executed DbCommand (0ms) [Parameters=[], CommandType='Text', CommandTimeout='30']
      SELECT TOP(1) [u].[Id], [u].[AmountPerTrade], [u].[DnsePassword], [u].[DnseToken], [u].[DnseUsername], [u].[InvestmentHorizon], [u].[MaxLossPercentage], [u].[RiskTolerance], [u].[StopLossAmount], [u].[TakeProfitAmount], [u].[TargetAmount], [u].[TargetProfitPercentage], [u].[TargetStartDate]
      FROM [UserPreferences] AS [u]
info: Microsoft.EntityFrameworkCore.Database.Command[20101]
      Executed DbCommand (1ms) [Parameters=[@__symbol_0='?' (Size = 4000)], CommandType='Text', CommandTimeout='30']
      SELECT [t].[Id], [t].[BudgetAmount], [t].[EntryDate], [t].[EntryPrice], [t].[ExitDate], [t].[ExitPrice], [t].[ExpectedHoldDays], [t].[InvestedAmount], [t].[IsAiTrade], [t].[PnL], [t].[Quantity], [t].[Status], [t].[StopLossPrice], [t].[Symbol], [t].[TakeProfitPrice], [t].[TargetProfitAmount]
      FROM [TradePositions] AS [t]
      WHERE [t].[Symbol] = @__symbol_0 AND [t].[Status] = N'OPEN'
info: Microsoft.EntityFrameworkCore.Database.Command[20101]
      Executed DbCommand (0ms) [Parameters=[], CommandType='Text', CommandTimeout='30']
      SELECT TOP(1) [u].[Id], [u].[AmountPerTrade], [u].[DnsePassword], [u].[DnseToken], [u].[DnseUsername], [u].[InvestmentHorizon], [u].[MaxLossPercentage], [u].[RiskTolerance], [u].[StopLossAmount], [u].[TakeProfitAmount], [u].[TargetAmount], [u].[TargetProfitPercentage], [u].[TargetStartDate]
      FROM [UserPreferences] AS [u]
info: Microsoft.EntityFrameworkCore.Database.Command[20101]
      Executed DbCommand (0ms) [Parameters=[@__symbol_0='?' (Size = 4000)], CommandType='Text', CommandTimeout='30']
      SELECT TOP(1) [t].[Id], [t].[BudgetAmount], [t].[EntryDate], [t].[EntryPrice], [t].[ExitDate], [t].[ExitPrice], [t].[ExpectedHoldDays], [t].[InvestedAmount], [t].[IsAiTrade], [t].[PnL], [t].[Quantity], [t].[Status], [t].[StopLossPrice], [t].[Symbol], [t].[TakeProfitPrice], [t].[TargetProfitAmount]
      FROM [TradePositions] AS [t]
      WHERE [t].[Symbol] = @__symbol_0 AND [t].[Status] = N'OPEN' AND [t].[IsAiTrade] = CAST(0 AS bit)
info: Microsoft.EntityFrameworkCore.Database.Command[20101]
      Executed DbCommand (0ms) [Parameters=[], CommandType='Text', CommandTimeout='30']
      SELECT [t].[Id], [t].[Description], [t].[IsAutoGenerated], [t].[LastLearnedAt], [t].[LearnCount], [t].[LossCount], [t].[Name], [t].[RuleLogic], [t].[StrategyType], [t].[WinCount]
      FROM [TradingStrategies] AS [t]
info: Microsoft.EntityFrameworkCore.Database.Command[20101]
      Executed DbCommand (1ms) [Parameters=[@__p_0='?' (DbType = Int32)], CommandType='Text', CommandTimeout='30']
      SELECT TOP(@__p_0) [t].[Id], [t].[ActionTaken], [t].[LessonLearned], [t].[MarketContext], [t].[Rationale], [t].[Result], [t].[Timestamp]
      FROM [TradeEpisodes] AS [t]
      WHERE [t].[LessonLearned] NOT LIKE N''
      ORDER BY [t].[Timestamp] DESC
info: Microsoft.EntityFrameworkCore.Database.Command[20101]
      Executed DbCommand (0ms) [Parameters=[@__symbol_0='?' (Size = 4000)], CommandType='Text', CommandTimeout='30']
      SELECT [s].[Id], [s].[Fee], [s].[Notes], [s].[PnlAmount], [s].[PositionId], [s].[Price], [s].[PriceHighSinceBuy], [s].[PriceLowSinceBuy], [s].[Quantity], [s].[Source], [s].[Symbol], [s].[TimingScore], [s].[TotalAmount], [s].[TransactionDate], [s].[TransactionType]
      FROM [StockTransactions] AS [s]
      WHERE [s].[Symbol] = @__symbol_0 AND [s].[Source] <> N'AI_SIMULATION'
      ORDER BY [s].[TransactionDate]
info: Microsoft.EntityFrameworkCore.Database.Command[20101]
      Executed DbCommand (0ms) [Parameters=[@__symbol_0='?' (Size = 4000)], CommandType='Text', CommandTimeout='30']
      SELECT [t].[Id], [t].[BudgetAmount], [t].[EntryDate], [t].[EntryPrice], [t].[ExitDate], [t].[ExitPrice], [t].[ExpectedHoldDays], [t].[InvestedAmount], [t].[IsAiTrade], [t].[PnL], [t].[Quantity], [t].[Status], [t].[StopLossPrice], [t].[Symbol], [t].[TakeProfitPrice], [t].[TargetProfitAmount]
      FROM [TradePositions] AS [t]
      WHERE [t].[Symbol] = @__symbol_0 AND [t].[Status] = N'OPEN'
info: Microsoft.EntityFrameworkCore.Database.Command[20101]
      Executed DbCommand (0ms) [Parameters=[], CommandType='Text', CommandTimeout='30']
      SELECT TOP(1) [u].[Id], [u].[AmountPerTrade], [u].[DnsePassword], [u].[DnseToken], [u].[DnseUsername], [u].[InvestmentHorizon], [u].[MaxLossPercentage], [u].[RiskTolerance], [u].[StopLossAmount], [u].[TakeProfitAmount], [u].[TargetAmount], [u].[TargetProfitPercentage], [u].[TargetStartDate]
      FROM [UserPreferences] AS [u]
info: Microsoft.EntityFrameworkCore.Database.Command[20101]
      Executed DbCommand (0ms) [Parameters=[@__symbol_0='?' (Size = 4000)], CommandType='Text', CommandTimeout='30']
      SELECT TOP(1) [t].[Id], [t].[BudgetAmount], [t].[EntryDate], [t].[EntryPrice], [t].[ExitDate], [t].[ExitPrice], [t].[ExpectedHoldDays], [t].[InvestedAmount], [t].[IsAiTrade], [t].[PnL], [t].[Quantity], [t].[Status], [t].[StopLossPrice], [t].[Symbol], [t].[TakeProfitPrice], [t].[TargetProfitAmount]
      FROM [TradePositions] AS [t]
      WHERE [t].[Symbol] = @__symbol_0 AND [t].[Status] = N'OPEN' AND [t].[IsAiTrade] = CAST(0 AS bit)
info: Microsoft.EntityFrameworkCore.Database.Command[20101]
      Executed DbCommand (0ms) [Parameters=[], CommandType='Text', CommandTimeout='30']
      SELECT [t].[Id], [t].[Description], [t].[IsAutoGenerated], [t].[LastLearnedAt], [t].[LearnCount], [t].[LossCount], [t].[Name], [t].[RuleLogic], [t].[StrategyType], [t].[WinCount]
      FROM [TradingStrategies] AS [t]
info: Microsoft.EntityFrameworkCore.Database.Command[20101]
      Executed DbCommand (1ms) [Parameters=[@__p_0='?' (DbType = Int32)], CommandType='Text', CommandTimeout='30']
      SELECT TOP(@__p_0) [t].[Id], [t].[ActionTaken], [t].[LessonLearned], [t].[MarketContext], [t].[Rationale], [t].[Result], [t].[Timestamp]
      FROM [TradeEpisodes] AS [t]
      WHERE [t].[LessonLearned] NOT LIKE N''
      ORDER BY [t].[Timestamp] DESC
info: Microsoft.EntityFrameworkCore.Database.Command[20101]
      Executed DbCommand (1ms) [Parameters=[@__symbol_0='?' (Size = 4000)], CommandType='Text', CommandTimeout='30']
      SELECT [s].[Id], [s].[Fee], [s].[Notes], [s].[PnlAmount], [s].[PositionId], [s].[Price], [s].[PriceHighSinceBuy], [s].[PriceLowSinceBuy], [s].[Quantity], [s].[Source], [s].[Symbol], [s].[TimingScore], [s].[TotalAmount], [s].[TransactionDate], [s].[TransactionType]
      FROM [StockTransactions] AS [s]
      WHERE [s].[Symbol] = @__symbol_0 AND [s].[Source] <> N'AI_SIMULATION'
      ORDER BY [s].[TransactionDate]
info: Microsoft.EntityFrameworkCore.Database.Command[20101]
      Executed DbCommand (1ms) [Parameters=[@__symbol_0='?' (Size = 4000)], CommandType='Text', CommandTimeout='30']
      SELECT [t].[Id], [t].[BudgetAmount], [t].[EntryDate], [t].[EntryPrice], [t].[ExitDate], [t].[ExitPrice], [t].[ExpectedHoldDays], [t].[InvestedAmount], [t].[IsAiTrade], [t].[PnL], [t].[Quantity], [t].[Status], [t].[StopLossPrice], [t].[Symbol], [t].[TakeProfitPrice], [t].[TargetProfitAmount]
      FROM [TradePositions] AS [t]
      WHERE [t].[Symbol] = @__symbol_0 AND [t].[Status] = N'OPEN'
info: Microsoft.EntityFrameworkCore.Database.Command[20101]
      Executed DbCommand (0ms) [Parameters=[], CommandType='Text', CommandTimeout='30']
      SELECT TOP(1) [u].[Id], [u].[AmountPerTrade], [u].[DnsePassword], [u].[DnseToken], [u].[DnseUsername], [u].[InvestmentHorizon], [u].[MaxLossPercentage], [u].[RiskTolerance], [u].[StopLossAmount], [u].[TakeProfitAmount], [u].[TargetAmount], [u].[TargetProfitPercentage], [u].[TargetStartDate]
      FROM [UserPreferences] AS [u]
info: Microsoft.EntityFrameworkCore.Database.Command[20101]
      Executed DbCommand (0ms) [Parameters=[@__symbol_0='?' (Size = 4000)], CommandType='Text', CommandTimeout='30']
      SELECT TOP(1) [t].[Id], [t].[BudgetAmount], [t].[EntryDate], [t].[EntryPrice], [t].[ExitDate], [t].[ExitPrice], [t].[ExpectedHoldDays], [t].[InvestedAmount], [t].[IsAiTrade], [t].[PnL], [t].[Quantity], [t].[Status], [t].[StopLossPrice], [t].[Symbol], [t].[TakeProfitPrice], [t].[TargetProfitAmount]
      FROM [TradePositions] AS [t]
      WHERE [t].[Symbol] = @__symbol_0 AND [t].[Status] = N'OPEN' AND [t].[IsAiTrade] = CAST(0 AS bit)
info: Microsoft.EntityFrameworkCore.Database.Command[20101]
      Executed DbCommand (0ms) [Parameters=[], CommandType='Text', CommandTimeout='30']
      SELECT [t].[Id], [t].[Description], [t].[IsAutoGenerated], [t].[LastLearnedAt], [t].[LearnCount], [t].[LossCount], [t].[Name], [t].[RuleLogic], [t].[StrategyType], [t].[WinCount]
      FROM [TradingStrategies] AS [t]
info: Microsoft.EntityFrameworkCore.Database.Command[20101]
      Executed DbCommand (1ms) [Parameters=[@__p_0='?' (DbType = Int32)], CommandType='Text', CommandTimeout='30']
      SELECT TOP(@__p_0) [t].[Id], [t].[ActionTaken], [t].[LessonLearned], [t].[MarketContext], [t].[Rationale], [t].[Result], [t].[Timestamp]
      FROM [TradeEpisodes] AS [t]
      WHERE [t].[LessonLearned] NOT LIKE N''
      ORDER BY [t].[Timestamp] DESC
info: Microsoft.EntityFrameworkCore.Database.Command[20101]
      Executed DbCommand (0ms) [Parameters=[@__symbol_0='?' (Size = 4000)], CommandType='Text', CommandTimeout='30']
      SELECT [s].[Id], [s].[Fee], [s].[Notes], [s].[PnlAmount], [s].[PositionId], [s].[Price], [s].[PriceHighSinceBuy], [s].[PriceLowSinceBuy], [s].[Quantity], [s].[Source], [s].[Symbol], [s].[TimingScore], [s].[TotalAmount], [s].[TransactionDate], [s].[TransactionType]
      FROM [StockTransactions] AS [s]
      WHERE [s].[Symbol] = @__symbol_0 AND [s].[Source] <> N'AI_SIMULATION'
      ORDER BY [s].[TransactionDate]
info: Microsoft.EntityFrameworkCore.Database.Command[20101]
      Executed DbCommand (1ms) [Parameters=[], CommandType='Text', CommandTimeout='30']
      SELECT DISTINCT [t].[Symbol]
      FROM [TradePositions] AS [t]
info: Microsoft.EntityFrameworkCore.Database.Command[20101]
      Executed DbCommand (0ms) [Parameters=[], CommandType='Text', CommandTimeout='30']
      SELECT TOP(1) [u].[Id], [u].[AmountPerTrade], [u].[DnsePassword], [u].[DnseToken], [u].[DnseUsername], [u].[InvestmentHorizon], [u].[MaxLossPercentage], [u].[RiskTolerance], [u].[StopLossAmount], [u].[TakeProfitAmount], [u].[TargetAmount], [u].[TargetProfitPercentage], [u].[TargetStartDate]
      FROM [UserPreferences] AS [u]
info: Microsoft.EntityFrameworkCore.Database.Command[20101]
      Executed DbCommand (1ms) [Parameters=[@__symbol_0='?' (Size = 4000)], CommandType='Text', CommandTimeout='30']
      SELECT [t].[Id], [t].[BudgetAmount], [t].[EntryDate], [t].[EntryPrice], [t].[ExitDate], [t].[ExitPrice], [t].[ExpectedHoldDays], [t].[InvestedAmount], [t].[IsAiTrade], [t].[PnL], [t].[Quantity], [t].[Status], [t].[StopLossPrice], [t].[Symbol], [t].[TakeProfitPrice], [t].[TargetProfitAmount]
      FROM [TradePositions] AS [t]
      WHERE [t].[Symbol] = @__symbol_0 AND [t].[Status] = N'OPEN'
info: Microsoft.EntityFrameworkCore.Database.Command[20101]
      Executed DbCommand (0ms) [Parameters=[], CommandType='Text', CommandTimeout='30']
      SELECT TOP(1) [u].[Id], [u].[AmountPerTrade], [u].[DnsePassword], [u].[DnseToken], [u].[DnseUsername], [u].[InvestmentHorizon], [u].[MaxLossPercentage], [u].[RiskTolerance], [u].[StopLossAmount], [u].[TakeProfitAmount], [u].[TargetAmount], [u].[TargetProfitPercentage], [u].[TargetStartDate]
      FROM [UserPreferences] AS [u]
info: Microsoft.EntityFrameworkCore.Database.Command[20101]
      Executed DbCommand (0ms) [Parameters=[@__symbol_0='?' (Size = 4000)], CommandType='Text', CommandTimeout='30']
      SELECT TOP(1) [t].[Id], [t].[BudgetAmount], [t].[EntryDate], [t].[EntryPrice], [t].[ExitDate], [t].[ExitPrice], [t].[ExpectedHoldDays], [t].[InvestedAmount], [t].[IsAiTrade], [t].[PnL], [t].[Quantity], [t].[Status], [t].[StopLossPrice], [t].[Symbol], [t].[TakeProfitPrice], [t].[TargetProfitAmount]
      FROM [TradePositions] AS [t]
      WHERE [t].[Symbol] = @__symbol_0 AND [t].[Status] = N'OPEN' AND [t].[IsAiTrade] = CAST(0 AS bit)
info: Microsoft.EntityFrameworkCore.Database.Command[20101]
      Executed DbCommand (0ms) [Parameters=[], CommandType='Text', CommandTimeout='30']
      SELECT [t].[Id], [t].[Description], [t].[IsAutoGenerated], [t].[LastLearnedAt], [t].[LearnCount], [t].[LossCount], [t].[Name], [t].[RuleLogic], [t].[StrategyType], [t].[WinCount]
      FROM [TradingStrategies] AS [t]
info: Microsoft.EntityFrameworkCore.Database.Command[20101]
      Executed DbCommand (1ms) [Parameters=[@__p_0='?' (DbType = Int32)], CommandType='Text', CommandTimeout='30']
      SELECT TOP(@__p_0) [t].[Id], [t].[ActionTaken], [t].[LessonLearned], [t].[MarketContext], [t].[Rationale], [t].[Result], [t].[Timestamp]
      FROM [TradeEpisodes] AS [t]
      WHERE [t].[LessonLearned] NOT LIKE N''
      ORDER BY [t].[Timestamp] DESC
info: Microsoft.EntityFrameworkCore.Database.Command[20101]
      Executed DbCommand (0ms) [Parameters=[@__symbol_0='?' (Size = 4000)], CommandType='Text', CommandTimeout='30']
      SELECT [s].[Id], [s].[Fee], [s].[Notes], [s].[PnlAmount], [s].[PositionId], [s].[Price], [s].[PriceHighSinceBuy], [s].[PriceLowSinceBuy], [s].[Quantity], [s].[Source], [s].[Symbol], [s].[TimingScore], [s].[TotalAmount], [s].[TransactionDate], [s].[TransactionType]
      FROM [StockTransactions] AS [s]
      WHERE [s].[Symbol] = @__symbol_0 AND [s].[Source] <> N'AI_SIMULATION'
      ORDER BY [s].[TransactionDate]
info: Microsoft.EntityFrameworkCore.Database.Command[20101]
      Executed DbCommand (1ms) [Parameters=[@__symbol_0='?' (Size = 4000)], CommandType='Text', CommandTimeout='30']
      SELECT [t].[Id], [t].[BudgetAmount], [t].[EntryDate], [t].[EntryPrice], [t].[ExitDate], [t].[ExitPrice], [t].[ExpectedHoldDays], [t].[InvestedAmount], [t].[IsAiTrade], [t].[PnL], [t].[Quantity], [t].[Status], [t].[StopLossPrice], [t].[Symbol], [t].[TakeProfitPrice], [t].[TargetProfitAmount]
      FROM [TradePositions] AS [t]
      WHERE [t].[Symbol] = @__symbol_0 AND [t].[Status] = N'OPEN'
info: Microsoft.EntityFrameworkCore.Database.Command[20101]
      Executed DbCommand (1ms) [Parameters=[], CommandType='Text', CommandTimeout='30']
      SELECT TOP(1) [u].[Id], [u].[AmountPerTrade], [u].[DnsePassword], [u].[DnseToken], [u].[DnseUsername], [u].[InvestmentHorizon], [u].[MaxLossPercentage], [u].[RiskTolerance], [u].[StopLossAmount], [u].[TakeProfitAmount], [u].[TargetAmount], [u].[TargetProfitPercentage], [u].[TargetStartDate]
      FROM [UserPreferences] AS [u]
info: Microsoft.EntityFrameworkCore.Database.Command[20101]
      Executed DbCommand (1ms) [Parameters=[@__symbol_0='?' (Size = 4000)], CommandType='Text', CommandTimeout='30']
      SELECT TOP(1) [t].[Id], [t].[BudgetAmount], [t].[EntryDate], [t].[EntryPrice], [t].[ExitDate], [t].[ExitPrice], [t].[ExpectedHoldDays], [t].[InvestedAmount], [t].[IsAiTrade], [t].[PnL], [t].[Quantity], [t].[Status], [t].[StopLossPrice], [t].[Symbol], [t].[TakeProfitPrice], [t].[TargetProfitAmount]
      FROM [TradePositions] AS [t]
      WHERE [t].[Symbol] = @__symbol_0 AND [t].[Status] = N'OPEN' AND [t].[IsAiTrade] = CAST(0 AS bit)
info: Microsoft.EntityFrameworkCore.Database.Command[20101]
      Executed DbCommand (0ms) [Parameters=[], CommandType='Text', CommandTimeout='30']
      SELECT [t].[Id], [t].[Description], [t].[IsAutoGenerated], [t].[LastLearnedAt], [t].[LearnCount], [t].[LossCount], [t].[Name], [t].[RuleLogic], [t].[StrategyType], [t].[WinCount]
      FROM [TradingStrategies] AS [t]
info: Microsoft.EntityFrameworkCore.Database.Command[20101]
      Executed DbCommand (1ms) [Parameters=[@__p_0='?' (DbType = Int32)], CommandType='Text', CommandTimeout='30']
      SELECT TOP(@__p_0) [t].[Id], [t].[ActionTaken], [t].[LessonLearned], [t].[MarketContext], [t].[Rationale], [t].[Result], [t].[Timestamp]
      FROM [TradeEpisodes] AS [t]
      WHERE [t].[LessonLearned] NOT LIKE N''
      ORDER BY [t].[Timestamp] DESC
info: Microsoft.EntityFrameworkCore.Database.Command[20101]
      Executed DbCommand (0ms) [Parameters=[@__symbol_0='?' (Size = 4000)], CommandType='Text', CommandTimeout='30']
      SELECT [s].[Id], [s].[Fee], [s].[Notes], [s].[PnlAmount], [s].[PositionId], [s].[Price], [s].[PriceHighSinceBuy], [s].[PriceLowSinceBuy], [s].[Quantity], [s].[Source], [s].[Symbol], [s].[TimingScore], [s].[TotalAmount], [s].[TransactionDate], [s].[TransactionType]
      FROM [StockTransactions] AS [s]
      WHERE [s].[Symbol] = @__symbol_0 AND [s].[Source] <> N'AI_SIMULATION'
      ORDER BY [s].[TransactionDate]
info: Microsoft.EntityFrameworkCore.Database.Command[20101]
      Executed DbCommand (0ms) [Parameters=[@__symbol_0='?' (Size = 4000)], CommandType='Text', CommandTimeout='30']
      SELECT [t].[Id], [t].[BudgetAmount], [t].[EntryDate], [t].[EntryPrice], [t].[ExitDate], [t].[ExitPrice], [t].[ExpectedHoldDays], [t].[InvestedAmount], [t].[IsAiTrade], [t].[PnL], [t].[Quantity], [t].[Status], [t].[StopLossPrice], [t].[Symbol], [t].[TakeProfitPrice], [t].[TargetProfitAmount]
      FROM [TradePositions] AS [t]
      WHERE [t].[Symbol] = @__symbol_0 AND [t].[Status] = N'OPEN'
info: Microsoft.EntityFrameworkCore.Database.Command[20101]
      Executed DbCommand (0ms) [Parameters=[], CommandType='Text', CommandTimeout='30']
      SELECT TOP(1) [u].[Id], [u].[AmountPerTrade], [u].[DnsePassword], [u].[DnseToken], [u].[DnseUsername], [u].[InvestmentHorizon], [u].[MaxLossPercentage], [u].[RiskTolerance], [u].[StopLossAmount], [u].[TakeProfitAmount], [u].[TargetAmount], [u].[TargetProfitPercentage], [u].[TargetStartDate]
      FROM [UserPreferences] AS [u]
info: Microsoft.EntityFrameworkCore.Database.Command[20101]
      Executed DbCommand (0ms) [Parameters=[@__symbol_0='?' (Size = 4000)], CommandType='Text', CommandTimeout='30']
      SELECT TOP(1) [t].[Id], [t].[BudgetAmount], [t].[EntryDate], [t].[EntryPrice], [t].[ExitDate], [t].[ExitPrice], [t].[ExpectedHoldDays], [t].[InvestedAmount], [t].[IsAiTrade], [t].[PnL], [t].[Quantity], [t].[Status], [t].[StopLossPrice], [t].[Symbol], [t].[TakeProfitPrice], [t].[TargetProfitAmount]
      FROM [TradePositions] AS [t]
      WHERE [t].[Symbol] = @__symbol_0 AND [t].[Status] = N'OPEN' AND [t].[IsAiTrade] = CAST(0 AS bit)
info: Microsoft.EntityFrameworkCore.Database.Command[20101]
      Executed DbCommand (0ms) [Parameters=[], CommandType='Text', CommandTimeout='30']
      SELECT [t].[Id], [t].[Description], [t].[IsAutoGenerated], [t].[LastLearnedAt], [t].[LearnCount], [t].[LossCount], [t].[Name], [t].[RuleLogic], [t].[StrategyType], [t].[WinCount]
      FROM [TradingStrategies] AS [t]
info: Microsoft.EntityFrameworkCore.Database.Command[20101]
      Executed DbCommand (1ms) [Parameters=[@__p_0='?' (DbType = Int32)], CommandType='Text', CommandTimeout='30']
      SELECT TOP(@__p_0) [t].[Id], [t].[ActionTaken], [t].[LessonLearned], [t].[MarketContext], [t].[Rationale], [t].[Result], [t].[Timestamp]
      FROM [TradeEpisodes] AS [t]
      WHERE [t].[LessonLearned] NOT LIKE N''
      ORDER BY [t].[Timestamp] DESC
info: Microsoft.EntityFrameworkCore.Database.Command[20101]
      Executed DbCommand (0ms) [Parameters=[@__symbol_0='?' (Size = 4000)], CommandType='Text', CommandTimeout='30']
      SELECT [s].[Id], [s].[Fee], [s].[Notes], [s].[PnlAmount], [s].[PositionId], [s].[Price], [s].[PriceHighSinceBuy], [s].[PriceLowSinceBuy], [s].[Quantity], [s].[Source], [s].[Symbol], [s].[TimingScore], [s].[TotalAmount], [s].[TransactionDate], [s].[TransactionType]
      FROM [StockTransactions] AS [s]
      WHERE [s].[Symbol] = @__symbol_0 AND [s].[Source] <> N'AI_SIMULATION'
      ORDER BY [s].[TransactionDate]
info: Microsoft.EntityFrameworkCore.Database.Command[20101]
      Executed DbCommand (1ms) [Parameters=[], CommandType='Text', CommandTimeout='30']
      SELECT DISTINCT [t].[Symbol]
      FROM [TradePositions] AS [t]
info: Microsoft.EntityFrameworkCore.Database.Command[20101]
      Executed DbCommand (0ms) [Parameters=[], CommandType='Text', CommandTimeout='30']
      SELECT TOP(1) [u].[Id], [u].[AmountPerTrade], [u].[DnsePassword], [u].[DnseToken], [u].[DnseUsername], [u].[InvestmentHorizon], [u].[MaxLossPercentage], [u].[RiskTolerance], [u].[StopLossAmount], [u].[TakeProfitAmount], [u].[TargetAmount], [u].[TargetProfitPercentage], [u].[TargetStartDate]
      FROM [UserPreferences] AS [u]
info: Microsoft.EntityFrameworkCore.Database.Command[20101]
      Executed DbCommand (1ms) [Parameters=[@__symbol_0='?' (Size = 4000)], CommandType='Text', CommandTimeout='30']
      SELECT [t].[Id], [t].[BudgetAmount], [t].[EntryDate], [t].[EntryPrice], [t].[ExitDate], [t].[ExitPrice], [t].[ExpectedHoldDays], [t].[InvestedAmount], [t].[IsAiTrade], [t].[PnL], [t].[Quantity], [t].[Status], [t].[StopLossPrice], [t].[Symbol], [t].[TakeProfitPrice], [t].[TargetProfitAmount]
      FROM [TradePositions] AS [t]
      WHERE [t].[Symbol] = @__symbol_0 AND [t].[Status] = N'OPEN'
info: Microsoft.EntityFrameworkCore.Database.Command[20101]
      Executed DbCommand (0ms) [Parameters=[], CommandType='Text', CommandTimeout='30']
      SELECT TOP(1) [u].[Id], [u].[AmountPerTrade], [u].[DnsePassword], [u].[DnseToken], [u].[DnseUsername], [u].[InvestmentHorizon], [u].[MaxLossPercentage], [u].[RiskTolerance], [u].[StopLossAmount], [u].[TakeProfitAmount], [u].[TargetAmount], [u].[TargetProfitPercentage], [u].[TargetStartDate]
      FROM [UserPreferences] AS [u]
info: Microsoft.EntityFrameworkCore.Database.Command[20101]
      Executed DbCommand (0ms) [Parameters=[@__symbol_0='?' (Size = 4000)], CommandType='Text', CommandTimeout='30']
      SELECT TOP(1) [t].[Id], [t].[BudgetAmount], [t].[EntryDate], [t].[EntryPrice], [t].[ExitDate], [t].[ExitPrice], [t].[ExpectedHoldDays], [t].[InvestedAmount], [t].[IsAiTrade], [t].[PnL], [t].[Quantity], [t].[Status], [t].[StopLossPrice], [t].[Symbol], [t].[TakeProfitPrice], [t].[TargetProfitAmount]
      FROM [TradePositions] AS [t]
      WHERE [t].[Symbol] = @__symbol_0 AND [t].[Status] = N'OPEN' AND [t].[IsAiTrade] = CAST(0 AS bit)
info: Microsoft.EntityFrameworkCore.Database.Command[20101]
      Executed DbCommand (1ms) [Parameters=[], CommandType='Text', CommandTimeout='30']
      SELECT [t].[Id], [t].[Description], [t].[IsAutoGenerated], [t].[LastLearnedAt], [t].[LearnCount], [t].[LossCount], [t].[Name], [t].[RuleLogic], [t].[StrategyType], [t].[WinCount]
      FROM [TradingStrategies] AS [t]
info: Microsoft.EntityFrameworkCore.Database.Command[20101]
      Executed DbCommand (1ms) [Parameters=[@__p_0='?' (DbType = Int32)], CommandType='Text', CommandTimeout='30']
      SELECT TOP(@__p_0) [t].[Id], [t].[ActionTaken], [t].[LessonLearned], [t].[MarketContext], [t].[Rationale], [t].[Result], [t].[Timestamp]
      FROM [TradeEpisodes] AS [t]
      WHERE [t].[LessonLearned] NOT LIKE N''
      ORDER BY [t].[Timestamp] DESC
info: Microsoft.EntityFrameworkCore.Database.Command[20101]
      Executed DbCommand (0ms) [Parameters=[@__symbol_0='?' (Size = 4000)], CommandType='Text', CommandTimeout='30']
      SELECT [s].[Id], [s].[Fee], [s].[Notes], [s].[PnlAmount], [s].[PositionId], [s].[Price], [s].[PriceHighSinceBuy], [s].[PriceLowSinceBuy], [s].[Quantity], [s].[Source], [s].[Symbol], [s].[TimingScore], [s].[TotalAmount], [s].[TransactionDate], [s].[TransactionType]
      FROM [StockTransactions] AS [s]
      WHERE [s].[Symbol] = @__symbol_0 AND [s].[Source] <> N'AI_SIMULATION'
      ORDER BY [s].[TransactionDate]
info: Microsoft.EntityFrameworkCore.Database.Command[20101]
      Executed DbCommand (1ms) [Parameters=[@__symbol_0='?' (Size = 4000)], CommandType='Text', CommandTimeout='30']
      SELECT [t].[Id], [t].[BudgetAmount], [t].[EntryDate], [t].[EntryPrice], [t].[ExitDate], [t].[ExitPrice], [t].[ExpectedHoldDays], [t].[InvestedAmount], [t].[IsAiTrade], [t].[PnL], [t].[Quantity], [t].[Status], [t].[StopLossPrice], [t].[Symbol], [t].[TakeProfitPrice], [t].[TargetProfitAmount]
      FROM [TradePositions] AS [t]
      WHERE [t].[Symbol] = @__symbol_0 AND [t].[Status] = N'OPEN'
info: Microsoft.EntityFrameworkCore.Database.Command[20101]
      Executed DbCommand (0ms) [Parameters=[], CommandType='Text', CommandTimeout='30']
      SELECT TOP(1) [u].[Id], [u].[AmountPerTrade], [u].[DnsePassword], [u].[DnseToken], [u].[DnseUsername], [u].[InvestmentHorizon], [u].[MaxLossPercentage], [u].[RiskTolerance], [u].[StopLossAmount], [u].[TakeProfitAmount], [u].[TargetAmount], [u].[TargetProfitPercentage], [u].[TargetStartDate]
      FROM [UserPreferences] AS [u]
info: Microsoft.EntityFrameworkCore.Database.Command[20101]
      Executed DbCommand (0ms) [Parameters=[@__symbol_0='?' (Size = 4000)], CommandType='Text', CommandTimeout='30']
      SELECT TOP(1) [t].[Id], [t].[BudgetAmount], [t].[EntryDate], [t].[EntryPrice], [t].[ExitDate], [t].[ExitPrice], [t].[ExpectedHoldDays], [t].[InvestedAmount], [t].[IsAiTrade], [t].[PnL], [t].[Quantity], [t].[Status], [t].[StopLossPrice], [t].[Symbol], [t].[TakeProfitPrice], [t].[TargetProfitAmount]
      FROM [TradePositions] AS [t]
      WHERE [t].[Symbol] = @__symbol_0 AND [t].[Status] = N'OPEN' AND [t].[IsAiTrade] = CAST(0 AS bit)
info: Microsoft.EntityFrameworkCore.Database.Command[20101]
      Executed DbCommand (0ms) [Parameters=[], CommandType='Text', CommandTimeout='30']
      SELECT [t].[Id], [t].[Description], [t].[IsAutoGenerated], [t].[LastLearnedAt], [t].[LearnCount], [t].[LossCount], [t].[Name], [t].[RuleLogic], [t].[StrategyType], [t].[WinCount]
      FROM [TradingStrategies] AS [t]
info: Microsoft.EntityFrameworkCore.Database.Command[20101]
      Executed DbCommand (1ms) [Parameters=[@__p_0='?' (DbType = Int32)], CommandType='Text', CommandTimeout='30']
      SELECT TOP(@__p_0) [t].[Id], [t].[ActionTaken], [t].[LessonLearned], [t].[MarketContext], [t].[Rationale], [t].[Result], [t].[Timestamp]
      FROM [TradeEpisodes] AS [t]
      WHERE [t].[LessonLearned] NOT LIKE N''
      ORDER BY [t].[Timestamp] DESC
info: Microsoft.EntityFrameworkCore.Database.Command[20101]
      Executed DbCommand (0ms) [Parameters=[@__symbol_0='?' (Size = 4000)], CommandType='Text', CommandTimeout='30']
      SELECT [s].[Id], [s].[Fee], [s].[Notes], [s].[PnlAmount], [s].[PositionId], [s].[Price], [s].[PriceHighSinceBuy], [s].[PriceLowSinceBuy], [s].[Quantity], [s].[Source], [s].[Symbol], [s].[TimingScore], [s].[TotalAmount], [s].[TransactionDate], [s].[TransactionType]
      FROM [StockTransactions] AS [s]
      WHERE [s].[Symbol] = @__symbol_0 AND [s].[Source] <> N'AI_SIMULATION'
      ORDER BY [s].[TransactionDate]
info: Microsoft.EntityFrameworkCore.Database.Command[20101]
      Executed DbCommand (0ms) [Parameters=[@__symbol_0='?' (Size = 4000)], CommandType='Text', CommandTimeout='30']
      SELECT [t].[Id], [t].[BudgetAmount], [t].[EntryDate], [t].[EntryPrice], [t].[ExitDate], [t].[ExitPrice], [t].[ExpectedHoldDays], [t].[InvestedAmount], [t].[IsAiTrade], [t].[PnL], [t].[Quantity], [t].[Status], [t].[StopLossPrice], [t].[Symbol], [t].[TakeProfitPrice], [t].[TargetProfitAmount]
      FROM [TradePositions] AS [t]
      WHERE [t].[Symbol] = @__symbol_0 AND [t].[Status] = N'OPEN'
info: Microsoft.EntityFrameworkCore.Database.Command[20101]
      Executed DbCommand (0ms) [Parameters=[], CommandType='Text', CommandTimeout='30']
      SELECT TOP(1) [u].[Id], [u].[AmountPerTrade], [u].[DnsePassword], [u].[DnseToken], [u].[DnseUsername], [u].[InvestmentHorizon], [u].[MaxLossPercentage], [u].[RiskTolerance], [u].[StopLossAmount], [u].[TakeProfitAmount], [u].[TargetAmount], [u].[TargetProfitPercentage], [u].[TargetStartDate]
      FROM [UserPreferences] AS [u]
info: Microsoft.EntityFrameworkCore.Database.Command[20101]
      Executed DbCommand (0ms) [Parameters=[@__symbol_0='?' (Size = 4000)], CommandType='Text', CommandTimeout='30']
      SELECT TOP(1) [t].[Id], [t].[BudgetAmount], [t].[EntryDate], [t].[EntryPrice], [t].[ExitDate], [t].[ExitPrice], [t].[ExpectedHoldDays], [t].[InvestedAmount], [t].[IsAiTrade], [t].[PnL], [t].[Quantity], [t].[Status], [t].[StopLossPrice], [t].[Symbol], [t].[TakeProfitPrice], [t].[TargetProfitAmount]
      FROM [TradePositions] AS [t]
      WHERE [t].[Symbol] = @__symbol_0 AND [t].[Status] = N'OPEN' AND [t].[IsAiTrade] = CAST(0 AS bit)
info: Microsoft.EntityFrameworkCore.Database.Command[20101]
      Executed DbCommand (0ms) [Parameters=[], CommandType='Text', CommandTimeout='30']
      SELECT [t].[Id], [t].[Description], [t].[IsAutoGenerated], [t].[LastLearnedAt], [t].[LearnCount], [t].[LossCount], [t].[Name], [t].[RuleLogic], [t].[StrategyType], [t].[WinCount]
      FROM [TradingStrategies] AS [t]
info: Microsoft.EntityFrameworkCore.Database.Command[20101]
      Executed DbCommand (1ms) [Parameters=[@__p_0='?' (DbType = Int32)], CommandType='Text', CommandTimeout='30']
      SELECT TOP(@__p_0) [t].[Id], [t].[ActionTaken], [t].[LessonLearned], [t].[MarketContext], [t].[Rationale], [t].[Result], [t].[Timestamp]
      FROM [TradeEpisodes] AS [t]
      WHERE [t].[LessonLearned] NOT LIKE N''
      ORDER BY [t].[Timestamp] DESC
info: Microsoft.EntityFrameworkCore.Database.Command[20101]
      Executed DbCommand (0ms) [Parameters=[@__symbol_0='?' (Size = 4000)], CommandType='Text', CommandTimeout='30']
      SELECT [s].[Id], [s].[Fee], [s].[Notes], [s].[PnlAmount], [s].[PositionId], [s].[Price], [s].[PriceHighSinceBuy], [s].[PriceLowSinceBuy], [s].[Quantity], [s].[Source], [s].[Symbol], [s].[TimingScore], [s].[TotalAmount], [s].[TransactionDate], [s].[TransactionType]
      FROM [StockTransactions] AS [s]
      WHERE [s].[Symbol] = @__symbol_0 AND [s].[Source] <> N'AI_SIMULATION'
      ORDER BY [s].[TransactionDate]
info: Microsoft.EntityFrameworkCore.Database.Command[20101]
      Executed DbCommand (1ms) [Parameters=[], CommandType='Text', CommandTimeout='30']
      SELECT DISTINCT [t].[Symbol]
      FROM [TradePositions] AS [t]
info: Microsoft.EntityFrameworkCore.Database.Command[20101]
      Executed DbCommand (0ms) [Parameters=[], CommandType='Text', CommandTimeout='30']
      SELECT TOP(1) [u].[Id], [u].[AmountPerTrade], [u].[DnsePassword], [u].[DnseToken], [u].[DnseUsername], [u].[InvestmentHorizon], [u].[MaxLossPercentage], [u].[RiskTolerance], [u].[StopLossAmount], [u].[TakeProfitAmount], [u].[TargetAmount], [u].[TargetProfitPercentage], [u].[TargetStartDate]
      FROM [UserPreferences] AS [u]
info: Microsoft.EntityFrameworkCore.Database.Command[20101]
      Executed DbCommand (1ms) [Parameters=[@__symbol_0='?' (Size = 4000)], CommandType='Text', CommandTimeout='30']
      SELECT [t].[Id], [t].[BudgetAmount], [t].[EntryDate], [t].[EntryPrice], [t].[ExitDate], [t].[ExitPrice], [t].[ExpectedHoldDays], [t].[InvestedAmount], [t].[IsAiTrade], [t].[PnL], [t].[Quantity], [t].[Status], [t].[StopLossPrice], [t].[Symbol], [t].[TakeProfitPrice], [t].[TargetProfitAmount]
      FROM [TradePositions] AS [t]
      WHERE [t].[Symbol] = @__symbol_0 AND [t].[Status] = N'OPEN'
info: Microsoft.EntityFrameworkCore.Database.Command[20101]
      Executed DbCommand (1ms) [Parameters=[], CommandType='Text', CommandTimeout='30']
      SELECT TOP(1) [u].[Id], [u].[AmountPerTrade], [u].[DnsePassword], [u].[DnseToken], [u].[DnseUsername], [u].[InvestmentHorizon], [u].[MaxLossPercentage], [u].[RiskTolerance], [u].[StopLossAmount], [u].[TakeProfitAmount], [u].[TargetAmount], [u].[TargetProfitPercentage], [u].[TargetStartDate]
      FROM [UserPreferences] AS [u]
info: Microsoft.EntityFrameworkCore.Database.Command[20101]
      Executed DbCommand (0ms) [Parameters=[@__symbol_0='?' (Size = 4000)], CommandType='Text', CommandTimeout='30']
      SELECT TOP(1) [t].[Id], [t].[BudgetAmount], [t].[EntryDate], [t].[EntryPrice], [t].[ExitDate], [t].[ExitPrice], [t].[ExpectedHoldDays], [t].[InvestedAmount], [t].[IsAiTrade], [t].[PnL], [t].[Quantity], [t].[Status], [t].[StopLossPrice], [t].[Symbol], [t].[TakeProfitPrice], [t].[TargetProfitAmount]
      FROM [TradePositions] AS [t]
      WHERE [t].[Symbol] = @__symbol_0 AND [t].[Status] = N'OPEN' AND [t].[IsAiTrade] = CAST(0 AS bit)
info: Microsoft.EntityFrameworkCore.Database.Command[20101]
      Executed DbCommand (0ms) [Parameters=[], CommandType='Text', CommandTimeout='30']
      SELECT [t].[Id], [t].[Description], [t].[IsAutoGenerated], [t].[LastLearnedAt], [t].[LearnCount], [t].[LossCount], [t].[Name], [t].[RuleLogic], [t].[StrategyType], [t].[WinCount]
      FROM [TradingStrategies] AS [t]
info: Microsoft.EntityFrameworkCore.Database.Command[20101]
      Executed DbCommand (1ms) [Parameters=[@__p_0='?' (DbType = Int32)], CommandType='Text', CommandTimeout='30']
      SELECT TOP(@__p_0) [t].[Id], [t].[ActionTaken], [t].[LessonLearned], [t].[MarketContext], [t].[Rationale], [t].[Result], [t].[Timestamp]
      FROM [TradeEpisodes] AS [t]
      WHERE [t].[LessonLearned] NOT LIKE N''
      ORDER BY [t].[Timestamp] DESC
info: Microsoft.EntityFrameworkCore.Database.Command[20101]
      Executed DbCommand (0ms) [Parameters=[@__symbol_0='?' (Size = 4000)], CommandType='Text', CommandTimeout='30']
      SELECT [s].[Id], [s].[Fee], [s].[Notes], [s].[PnlAmount], [s].[PositionId], [s].[Price], [s].[PriceHighSinceBuy], [s].[PriceLowSinceBuy], [s].[Quantity], [s].[Source], [s].[Symbol], [s].[TimingScore], [s].[TotalAmount], [s].[TransactionDate], [s].[TransactionType]
      FROM [StockTransactions] AS [s]
      WHERE [s].[Symbol] = @__symbol_0 AND [s].[Source] <> N'AI_SIMULATION'
      ORDER BY [s].[TransactionDate]
info: Microsoft.EntityFrameworkCore.Database.Command[20101]
      Executed DbCommand (0ms) [Parameters=[@__symbol_0='?' (Size = 4000)], CommandType='Text', CommandTimeout='30']
      SELECT [t].[Id], [t].[BudgetAmount], [t].[EntryDate], [t].[EntryPrice], [t].[ExitDate], [t].[ExitPrice], [t].[ExpectedHoldDays], [t].[InvestedAmount], [t].[IsAiTrade], [t].[PnL], [t].[Quantity], [t].[Status], [t].[StopLossPrice], [t].[Symbol], [t].[TakeProfitPrice], [t].[TargetProfitAmount]
      FROM [TradePositions] AS [t]
      WHERE [t].[Symbol] = @__symbol_0 AND [t].[Status] = N'OPEN'
info: Microsoft.EntityFrameworkCore.Database.Command[20101]
      Executed DbCommand (0ms) [Parameters=[], CommandType='Text', CommandTimeout='30']
      SELECT TOP(1) [u].[Id], [u].[AmountPerTrade], [u].[DnsePassword], [u].[DnseToken], [u].[DnseUsername], [u].[InvestmentHorizon], [u].[MaxLossPercentage], [u].[RiskTolerance], [u].[StopLossAmount], [u].[TakeProfitAmount], [u].[TargetAmount], [u].[TargetProfitPercentage], [u].[TargetStartDate]
      FROM [UserPreferences] AS [u]
info: Microsoft.EntityFrameworkCore.Database.Command[20101]
      Executed DbCommand (0ms) [Parameters=[@__symbol_0='?' (Size = 4000)], CommandType='Text', CommandTimeout='30']
      SELECT TOP(1) [t].[Id], [t].[BudgetAmount], [t].[EntryDate], [t].[EntryPrice], [t].[ExitDate], [t].[ExitPrice], [t].[ExpectedHoldDays], [t].[InvestedAmount], [t].[IsAiTrade], [t].[PnL], [t].[Quantity], [t].[Status], [t].[StopLossPrice], [t].[Symbol], [t].[TakeProfitPrice], [t].[TargetProfitAmount]
      FROM [TradePositions] AS [t]
      WHERE [t].[Symbol] = @__symbol_0 AND [t].[Status] = N'OPEN' AND [t].[IsAiTrade] = CAST(0 AS bit)
info: Microsoft.EntityFrameworkCore.Database.Command[20101]
      Executed DbCommand (0ms) [Parameters=[], CommandType='Text', CommandTimeout='30']
      SELECT [t].[Id], [t].[Description], [t].[IsAutoGenerated], [t].[LastLearnedAt], [t].[LearnCount], [t].[LossCount], [t].[Name], [t].[RuleLogic], [t].[StrategyType], [t].[WinCount]
      FROM [TradingStrategies] AS [t]
info: Microsoft.EntityFrameworkCore.Database.Command[20101]
      Executed DbCommand (1ms) [Parameters=[@__p_0='?' (DbType = Int32)], CommandType='Text', CommandTimeout='30']
      SELECT TOP(@__p_0) [t].[Id], [t].[ActionTaken], [t].[LessonLearned], [t].[MarketContext], [t].[Rationale], [t].[Result], [t].[Timestamp]
      FROM [TradeEpisodes] AS [t]
      WHERE [t].[LessonLearned] NOT LIKE N''
      ORDER BY [t].[Timestamp] DESC
info: Microsoft.EntityFrameworkCore.Database.Command[20101]
      Executed DbCommand (0ms) [Parameters=[@__symbol_0='?' (Size = 4000)], CommandType='Text', CommandTimeout='30']
      SELECT [s].[Id], [s].[Fee], [s].[Notes], [s].[PnlAmount], [s].[PositionId], [s].[Price], [s].[PriceHighSinceBuy], [s].[PriceLowSinceBuy], [s].[Quantity], [s].[Source], [s].[Symbol], [s].[TimingScore], [s].[TotalAmount], [s].[TransactionDate], [s].[TransactionType]
      FROM [StockTransactions] AS [s]
      WHERE [s].[Symbol] = @__symbol_0 AND [s].[Source] <> N'AI_SIMULATION'
      ORDER BY [s].[TransactionDate]
info: Microsoft.EntityFrameworkCore.Database.Command[20101]
      Executed DbCommand (0ms) [Parameters=[@__symbol_0='?' (Size = 4000)], CommandType='Text', CommandTimeout='30']
      SELECT [t].[Id], [t].[BudgetAmount], [t].[EntryDate], [t].[EntryPrice], [t].[ExitDate], [t].[ExitPrice], [t].[ExpectedHoldDays], [t].[InvestedAmount], [t].[IsAiTrade], [t].[PnL], [t].[Quantity], [t].[Status], [t].[StopLossPrice], [t].[Symbol], [t].[TakeProfitPrice], [t].[TargetProfitAmount]
      FROM [TradePositions] AS [t]
      WHERE [t].[Symbol] = @__symbol_0 AND [t].[Status] = N'OPEN'
info: Microsoft.EntityFrameworkCore.Database.Command[20101]
      Executed DbCommand (0ms) [Parameters=[], CommandType='Text', CommandTimeout='30']
      SELECT TOP(1) [u].[Id], [u].[AmountPerTrade], [u].[DnsePassword], [u].[DnseToken], [u].[DnseUsername], [u].[InvestmentHorizon], [u].[MaxLossPercentage], [u].[RiskTolerance], [u].[StopLossAmount], [u].[TakeProfitAmount], [u].[TargetAmount], [u].[TargetProfitPercentage], [u].[TargetStartDate]
      FROM [UserPreferences] AS [u]
info: Microsoft.EntityFrameworkCore.Database.Command[20101]
      Executed DbCommand (0ms) [Parameters=[@__symbol_0='?' (Size = 4000)], CommandType='Text', CommandTimeout='30']
      SELECT TOP(1) [t].[Id], [t].[BudgetAmount], [t].[EntryDate], [t].[EntryPrice], [t].[ExitDate], [t].[ExitPrice], [t].[ExpectedHoldDays], [t].[InvestedAmount], [t].[IsAiTrade], [t].[PnL], [t].[Quantity], [t].[Status], [t].[StopLossPrice], [t].[Symbol], [t].[TakeProfitPrice], [t].[TargetProfitAmount]
      FROM [TradePositions] AS [t]
      WHERE [t].[Symbol] = @__symbol_0 AND [t].[Status] = N'OPEN' AND [t].[IsAiTrade] = CAST(0 AS bit)
info: Microsoft.EntityFrameworkCore.Database.Command[20101]
      Executed DbCommand (0ms) [Parameters=[], CommandType='Text', CommandTimeout='30']
      SELECT [t].[Id], [t].[Description], [t].[IsAutoGenerated], [t].[LastLearnedAt], [t].[LearnCount], [t].[LossCount], [t].[Name], [t].[RuleLogic], [t].[StrategyType], [t].[WinCount]
      FROM [TradingStrategies] AS [t]
info: Microsoft.EntityFrameworkCore.Database.Command[20101]
      Executed DbCommand (1ms) [Parameters=[@__p_0='?' (DbType = Int32)], CommandType='Text', CommandTimeout='30']
      SELECT TOP(@__p_0) [t].[Id], [t].[ActionTaken], [t].[LessonLearned], [t].[MarketContext], [t].[Rationale], [t].[Result], [t].[Timestamp]
      FROM [TradeEpisodes] AS [t]
      WHERE [t].[LessonLearned] NOT LIKE N''
      ORDER BY [t].[Timestamp] DESC
info: Microsoft.EntityFrameworkCore.Database.Command[20101]
      Executed DbCommand (1ms) [Parameters=[@__symbol_0='?' (Size = 4000)], CommandType='Text', CommandTimeout='30']
      SELECT [s].[Id], [s].[Fee], [s].[Notes], [s].[PnlAmount], [s].[PositionId], [s].[Price], [s].[PriceHighSinceBuy], [s].[PriceLowSinceBuy], [s].[Quantity], [s].[Source], [s].[Symbol], [s].[TimingScore], [s].[TotalAmount], [s].[TransactionDate], [s].[TransactionType]
      FROM [StockTransactions] AS [s]
      WHERE [s].[Symbol] = @__symbol_0 AND [s].[Source] <> N'AI_SIMULATION'
      ORDER BY [s].[TransactionDate]
info: Microsoft.Hosting.Lifetime[0]
      Application is shutting down...
